Analysis & Synthesis report for oled_i2c_128x32
Thu Aug 15 12:22:09 2024
Quartus Prime Version 23.1std.0 Build 991 11/28/2023 SC Lite Edition


---------------------
; Table of Contents ;
---------------------
  1. Legal Notice
  2. Analysis & Synthesis Summary
  3. Analysis & Synthesis Settings
  4. Parallel Compilation
  5. Analysis & Synthesis Source Files Read
  6. Analysis & Synthesis Resource Usage Summary
  7. Analysis & Synthesis Resource Utilization by Entity
  8. State Machine - |top_oled|master_i2c:i2c|bus_timing
  9. Registers Removed During Synthesis
 10. Removed Registers Triggering Further Register Optimizations
 11. General Register Statistics
 12. Inverted Register Statistics
 13. Multiplexer Restructuring Statistics (Restructuring Performed)
 14. Post-Synthesis Netlist Statistics for Top Partition
 15. Elapsed Time Per Partition
 16. Analysis & Synthesis Messages



----------------
; Legal Notice ;
----------------
Copyright (C) 2023  Intel Corporation. All rights reserved.
Your use of Intel Corporation's design tools, logic functions 
and other software and tools, and any partner logic 
functions, and any output files from any of the foregoing 
(including device programming or simulation files), and any 
associated documentation or information are expressly subject 
to the terms and conditions of the Intel Program License 
Subscription Agreement, the Intel Quartus Prime License Agreement,
the Intel FPGA IP License Agreement, or other applicable license
agreement, including, without limitation, that your use is for
the sole purpose of programming logic devices manufactured by
Intel and sold by Intel or its authorized distributors.  Please
refer to the applicable agreement for further details, at
https://fpgasoftware.intel.com/eula.



+-------------------------------------------------------------------------------------+
; Analysis & Synthesis Summary                                                        ;
+------------------------------------+------------------------------------------------+
; Analysis & Synthesis Status        ; Successful - Thu Aug 15 12:22:09 2024          ;
; Quartus Prime Version              ; 23.1std.0 Build 991 11/28/2023 SC Lite Edition ;
; Revision Name                      ; oled_i2c_128x32                                ;
; Top-level Entity Name              ; top_oled                                       ;
; Family                             ; Cyclone IV E                                   ;
; Total logic elements               ; 251                                            ;
;     Total combinational functions  ; 246                                            ;
;     Dedicated logic registers      ; 58                                             ;
; Total registers                    ; 58                                             ;
; Total pins                         ; 3                                              ;
; Total virtual pins                 ; 0                                              ;
; Total memory bits                  ; 0                                              ;
; Embedded Multiplier 9-bit elements ; 0                                              ;
; Total PLLs                         ; 0                                              ;
+------------------------------------+------------------------------------------------+


+------------------------------------------------------------------------------------------------------------+
; Analysis & Synthesis Settings                                                                              ;
+------------------------------------------------------------------+--------------------+--------------------+
; Option                                                           ; Setting            ; Default Value      ;
+------------------------------------------------------------------+--------------------+--------------------+
; Device                                                           ; EP4CE6E22C8        ;                    ;
; Top-level entity name                                            ; top_oled           ; oled_i2c_128x32    ;
; Family name                                                      ; Cyclone IV E       ; Cyclone V          ;
; Use smart compilation                                            ; Off                ; Off                ;
; Enable parallel Assembler and Timing Analyzer during compilation ; On                 ; On                 ;
; Enable compact report table                                      ; Off                ; Off                ;
; Restructure Multiplexers                                         ; Auto               ; Auto               ;
; Create Debugging Nodes for IP Cores                              ; Off                ; Off                ;
; Preserve fewer node names                                        ; On                 ; On                 ;
; Intel FPGA IP Evaluation Mode                                    ; Enable             ; Enable             ;
; Verilog Version                                                  ; Verilog_2001       ; Verilog_2001       ;
; VHDL Version                                                     ; VHDL_1993          ; VHDL_1993          ;
; State Machine Processing                                         ; Auto               ; Auto               ;
; Safe State Machine                                               ; Off                ; Off                ;
; Extract Verilog State Machines                                   ; On                 ; On                 ;
; Extract VHDL State Machines                                      ; On                 ; On                 ;
; Ignore Verilog initial constructs                                ; Off                ; Off                ;
; Iteration limit for constant Verilog loops                       ; 5000               ; 5000               ;
; Iteration limit for non-constant Verilog loops                   ; 250                ; 250                ;
; Add Pass-Through Logic to Inferred RAMs                          ; On                 ; On                 ;
; Infer RAMs from Raw Logic                                        ; On                 ; On                 ;
; Parallel Synthesis                                               ; On                 ; On                 ;
; DSP Block Balancing                                              ; Auto               ; Auto               ;
; NOT Gate Push-Back                                               ; On                 ; On                 ;
; Power-Up Don't Care                                              ; On                 ; On                 ;
; Remove Redundant Logic Cells                                     ; Off                ; Off                ;
; Remove Duplicate Registers                                       ; On                 ; On                 ;
; Ignore CARRY Buffers                                             ; Off                ; Off                ;
; Ignore CASCADE Buffers                                           ; Off                ; Off                ;
; Ignore GLOBAL Buffers                                            ; Off                ; Off                ;
; Ignore ROW GLOBAL Buffers                                        ; Off                ; Off                ;
; Ignore LCELL Buffers                                             ; Off                ; Off                ;
; Ignore SOFT Buffers                                              ; On                 ; On                 ;
; Limit AHDL Integers to 32 Bits                                   ; Off                ; Off                ;
; Optimization Technique                                           ; Balanced           ; Balanced           ;
; Carry Chain Length                                               ; 70                 ; 70                 ;
; Auto Carry Chains                                                ; On                 ; On                 ;
; Auto Open-Drain Pins                                             ; On                 ; On                 ;
; Perform WYSIWYG Primitive Resynthesis                            ; Off                ; Off                ;
; Auto ROM Replacement                                             ; On                 ; On                 ;
; Auto RAM Replacement                                             ; On                 ; On                 ;
; Auto DSP Block Replacement                                       ; On                 ; On                 ;
; Auto Shift Register Replacement                                  ; Auto               ; Auto               ;
; Allow Shift Register Merging across Hierarchies                  ; Auto               ; Auto               ;
; Auto Clock Enable Replacement                                    ; On                 ; On                 ;
; Strict RAM Replacement                                           ; Off                ; Off                ;
; Allow Synchronous Control Signals                                ; On                 ; On                 ;
; Force Use of Synchronous Clear Signals                           ; Off                ; Off                ;
; Auto RAM Block Balancing                                         ; On                 ; On                 ;
; Auto RAM to Logic Cell Conversion                                ; Off                ; Off                ;
; Auto Resource Sharing                                            ; Off                ; Off                ;
; Allow Any RAM Size For Recognition                               ; Off                ; Off                ;
; Allow Any ROM Size For Recognition                               ; Off                ; Off                ;
; Allow Any Shift Register Size For Recognition                    ; Off                ; Off                ;
; Use LogicLock Constraints during Resource Balancing              ; On                 ; On                 ;
; Ignore translate_off and synthesis_off directives                ; Off                ; Off                ;
; Timing-Driven Synthesis                                          ; On                 ; On                 ;
; Report Parameter Settings                                        ; On                 ; On                 ;
; Report Source Assignments                                        ; On                 ; On                 ;
; Report Connectivity Checks                                       ; On                 ; On                 ;
; Ignore Maximum Fan-Out Assignments                               ; Off                ; Off                ;
; Synchronization Register Chain Length                            ; 2                  ; 2                  ;
; Power Optimization During Synthesis                              ; Normal compilation ; Normal compilation ;
; HDL message level                                                ; Level2             ; Level2             ;
; Suppress Register Optimization Related Messages                  ; Off                ; Off                ;
; Number of Removed Registers Reported in Synthesis Report         ; 5000               ; 5000               ;
; Number of Swept Nodes Reported in Synthesis Report               ; 5000               ; 5000               ;
; Number of Inverted Registers Reported in Synthesis Report        ; 100                ; 100                ;
; Clock MUX Protection                                             ; On                 ; On                 ;
; Auto Gated Clock Conversion                                      ; Off                ; Off                ;
; Block Design Naming                                              ; Auto               ; Auto               ;
; SDC constraint protection                                        ; Off                ; Off                ;
; Synthesis Effort                                                 ; Auto               ; Auto               ;
; Shift Register Replacement - Allow Asynchronous Clear Signal     ; On                 ; On                 ;
; Pre-Mapping Resynthesis Optimization                             ; Off                ; Off                ;
; Analysis & Synthesis Message Level                               ; Medium             ; Medium             ;
; Disable Register Merging Across Hierarchies                      ; Auto               ; Auto               ;
; Resource Aware Inference For Block RAM                           ; On                 ; On                 ;
+------------------------------------------------------------------+--------------------+--------------------+


+------------------------------------------+
; Parallel Compilation                     ;
+----------------------------+-------------+
; Processors                 ; Number      ;
+----------------------------+-------------+
; Number detected on machine ; 16          ;
; Maximum allowed            ; 12          ;
;                            ;             ;
; Average used               ; 1.00        ;
; Maximum used               ; 12          ;
;                            ;             ;
; Usage by Processor         ; % Time Used ;
;     Processor 1            ; 100.0%      ;
;     Processors 2-12        ;   0.0%      ;
+----------------------------+-------------+


+---------------------------------------------------------------------------------------------------------------------------------------------------------------------------------------------------------------------------------------------+
; Analysis & Synthesis Source Files Read                                                                                                                                                                                                      ;
+----------------------------------+-----------------+------------------------------+-----------------------------------------------------------------------------------------------------------------------------------------------+---------+
; File Name with User-Entered Path ; Used in Netlist ; File Type                    ; File Name with Absolute Path                                                                                                                  ; Library ;
+----------------------------------+-----------------+------------------------------+-----------------------------------------------------------------------------------------------------------------------------------------------+---------+
; master_i2c.v                     ; yes             ; User Verilog HDL File        ; D:/Personal/1-Universidad nacional/Semestre 6/Digital 1/Github/entrega-1-proyecto-grupo03-2024-1/src/quartus/oled_i2c_128x32/master_i2c.v     ;         ;
; top_oled.v                       ; yes             ; Auto-Found Verilog HDL File  ; D:/Personal/1-Universidad nacional/Semestre 6/Digital 1/Github/entrega-1-proyecto-grupo03-2024-1/src/quartus/oled_i2c_128x32/top_oled.v       ;         ;
; ssd1306_master.v                 ; yes             ; Auto-Found Verilog HDL File  ; D:/Personal/1-Universidad nacional/Semestre 6/Digital 1/Github/entrega-1-proyecto-grupo03-2024-1/src/quartus/oled_i2c_128x32/ssd1306_master.v ;         ;
; pixels_oled.men                  ; yes             ; Auto-Found Unspecified File  ; D:/Personal/1-Universidad nacional/Semestre 6/Digital 1/Github/entrega-1-proyecto-grupo03-2024-1/src/quartus/oled_i2c_128x32/pixels_oled.men  ;         ;
+----------------------------------+-----------------+------------------------------+-----------------------------------------------------------------------------------------------------------------------------------------------+---------+


+---------------------------------------------------------+
; Analysis & Synthesis Resource Usage Summary             ;
+---------------------------------------------+-----------+
; Resource                                    ; Usage     ;
+---------------------------------------------+-----------+
; Estimated Total logic elements              ; 251       ;
;                                             ;           ;
; Total combinational functions               ; 246       ;
; Logic element usage by number of LUT inputs ;           ;
;     -- 4 input functions                    ; 167       ;
;     -- 3 input functions                    ; 32        ;
;     -- <=2 input functions                  ; 47        ;
;                                             ;           ;
; Logic elements by mode                      ;           ;
;     -- normal mode                          ; 231       ;
;     -- arithmetic mode                      ; 15        ;
;                                             ;           ;
; Total registers                             ; 58        ;
;     -- Dedicated logic registers            ; 58        ;
;     -- I/O registers                        ; 0         ;
;                                             ;           ;
; I/O pins                                    ; 3         ;
;                                             ;           ;
; Embedded Multiplier 9-bit elements          ; 0         ;
;                                             ;           ;
; Maximum fan-out node                        ; clk~input ;
; Maximum fan-out                             ; 58        ;
; Total fan-out                               ; 1024      ;
; Average fan-out                             ; 3.28      ;
+---------------------------------------------+-----------+


+------------------------------------------------------------------------------------------------------------------------------------------------------------------------------------------------------------------------+
; Analysis & Synthesis Resource Utilization by Entity                                                                                                                                                                    ;
+----------------------------+---------------------+---------------------------+-------------+--------------+---------+-----------+------+--------------+--------------------------------+----------------+--------------+
; Compilation Hierarchy Node ; Combinational ALUTs ; Dedicated Logic Registers ; Memory Bits ; DSP Elements ; DSP 9x9 ; DSP 18x18 ; Pins ; Virtual Pins ; Full Hierarchy Name            ; Entity Name    ; Library Name ;
+----------------------------+---------------------+---------------------------+-------------+--------------+---------+-----------+------+--------------+--------------------------------+----------------+--------------+
; |top_oled                  ; 246 (0)             ; 58 (0)                    ; 0           ; 0            ; 0       ; 0         ; 3    ; 0            ; |top_oled                      ; top_oled       ; work         ;
;    |master_i2c:i2c|        ; 133 (133)           ; 48 (48)                   ; 0           ; 0            ; 0       ; 0         ; 0    ; 0            ; |top_oled|master_i2c:i2c       ; master_i2c     ; work         ;
;    |ssd1306_master:setup|  ; 113 (113)           ; 10 (10)                   ; 0           ; 0            ; 0       ; 0         ; 0    ; 0            ; |top_oled|ssd1306_master:setup ; ssd1306_master ; work         ;
+----------------------------+---------------------+---------------------------+-------------+--------------+---------+-----------+------+--------------+--------------------------------+----------------+--------------+
Note: For table entries with two numbers listed, the numbers in parentheses indicate the number of resources of the given type used by the specific entity alone. The numbers listed outside of parentheses indicate the total resources of the given type used by the specific entity and all of its sub-entities in the hierarchy.


Encoding Type:  One-Hot
+-------------------------------------------------------------------------------+
; State Machine - |top_oled|master_i2c:i2c|bus_timing                           ;
+---------------+---------------+---------------+---------------+---------------+
; Name          ; bus_timing.11 ; bus_timing.10 ; bus_timing.01 ; bus_timing.00 ;
+---------------+---------------+---------------+---------------+---------------+
; bus_timing.00 ; 0             ; 0             ; 0             ; 0             ;
; bus_timing.01 ; 0             ; 0             ; 1             ; 1             ;
; bus_timing.10 ; 0             ; 1             ; 0             ; 1             ;
; bus_timing.11 ; 1             ; 0             ; 0             ; 1             ;
+---------------+---------------+---------------+---------------+---------------+


+--------------------------------------------------------------------------------------------+
; Registers Removed During Synthesis                                                         ;
+----------------------------------------------+---------------------------------------------+
; Register name                                ; Reason for Removal                          ;
+----------------------------------------------+---------------------------------------------+
; ssd1306_master:setup|addr_byte_in[6]         ; Stuck at GND due to stuck port data_in      ;
; ssd1306_master:setup|addr_byte_in[2..5]      ; Stuck at VCC due to stuck port data_in      ;
; ssd1306_master:setup|addr_byte_in[0,1]       ; Stuck at GND due to stuck port data_in      ;
; ssd1306_master:setup|read_write              ; Stuck at GND due to stuck port data_in      ;
; ssd1306_master:setup|control_byte_in[0..5,7] ; Stuck at GND due to stuck port data_in      ;
; master_i2c:i2c|addr_byte_out[1,2,7]          ; Merged with master_i2c:i2c|addr_byte_out[0] ;
; master_i2c:i2c|control_byte_out[0..5,7]      ; Merged with master_i2c:i2c|addr_byte_out[0] ;
; master_i2c:i2c|addr_byte_out[4..6]           ; Merged with master_i2c:i2c|addr_byte_out[3] ;
; master_i2c:i2c|addr_byte_out[0]              ; Stuck at GND due to stuck port data_in      ;
; master_i2c:i2c|bus_timing~2                  ; Lost fanout                                 ;
; master_i2c:i2c|bus_timing~3                  ; Lost fanout                                 ;
; Total Number of Removed Registers = 31       ;                                             ;
+----------------------------------------------+---------------------------------------------+


+------------------------------------------------------------------------------------------------------+
; Removed Registers Triggering Further Register Optimizations                                          ;
+---------------------------------+---------------------------+----------------------------------------+
; Register name                   ; Reason for Removal        ; Registers Removed due to This Register ;
+---------------------------------+---------------------------+----------------------------------------+
; ssd1306_master:setup|read_write ; Stuck at GND              ; master_i2c:i2c|addr_byte_out[0]        ;
;                                 ; due to stuck port data_in ;                                        ;
+---------------------------------+---------------------------+----------------------------------------+


+------------------------------------------------------+
; General Register Statistics                          ;
+----------------------------------------------+-------+
; Statistic                                    ; Value ;
+----------------------------------------------+-------+
; Total registers                              ; 58    ;
; Number of registers using Synchronous Clear  ; 9     ;
; Number of registers using Synchronous Load   ; 0     ;
; Number of registers using Asynchronous Clear ; 0     ;
; Number of registers using Asynchronous Load  ; 0     ;
; Number of registers using Clock Enable       ; 40    ;
; Number of registers using Preset             ; 0     ;
+----------------------------------------------+-------+


+--------------------------------------------------+
; Inverted Register Statistics                     ;
+----------------------------------------+---------+
; Inverted Register                      ; Fan out ;
+----------------------------------------+---------+
; master_i2c:i2c|sda_high                ; 4       ;
; master_i2c:i2c|scl_high                ; 4       ;
; ssd1306_master:setup|data_byte_in[5]   ; 1       ;
; ssd1306_master:setup|data_byte_in[7]   ; 1       ;
; ssd1306_master:setup|data_byte_in[1]   ; 1       ;
; ssd1306_master:setup|data_byte_in[3]   ; 1       ;
; ssd1306_master:setup|data_byte_in[2]   ; 1       ;
; ssd1306_master:setup|continue_bit      ; 2       ;
; Total number of inverted registers = 8 ;         ;
+----------------------------------------+---------+


+---------------------------------------------------------------------------------------------------------------------------------------------------------+
; Multiplexer Restructuring Statistics (Restructuring Performed)                                                                                          ;
+--------------------+-----------+---------------+----------------------+------------------------+------------+-------------------------------------------+
; Multiplexer Inputs ; Bus Width ; Baseline Area ; Area if Restructured ; Saving if Restructured ; Registered ; Example Multiplexer Output                ;
+--------------------+-----------+---------------+----------------------+------------------------+------------+-------------------------------------------+
; 18:1               ; 2 bits    ; 24 LEs        ; 0 LEs                ; 24 LEs                 ; Yes        ; |top_oled|master_i2c:i2c|addr_byte_out[3] ;
; 18:1               ; 9 bits    ; 108 LEs       ; 0 LEs                ; 108 LEs                ; Yes        ; |top_oled|master_i2c:i2c|data_byte_out[0] ;
; 18:1               ; 5 bits    ; 60 LEs        ; 5 LEs                ; 55 LEs                 ; Yes        ; |top_oled|master_i2c:i2c|bit_counter[3]   ;
; 7:1                ; 2 bits    ; 8 LEs         ; 4 LEs                ; 4 LEs                  ; No         ; |top_oled|master_i2c:i2c|bus_timing       ;
+--------------------+-----------+---------------+----------------------+------------------------+------------+-------------------------------------------+


+-----------------------------------------------------+
; Post-Synthesis Netlist Statistics for Top Partition ;
+-----------------------+-----------------------------+
; Type                  ; Count                       ;
+-----------------------+-----------------------------+
; boundary_port         ; 3                           ;
; cycloneiii_ff         ; 58                          ;
;     ENA               ; 38                          ;
;     ENA SCLR          ; 2                           ;
;     SCLR              ; 7                           ;
;     plain             ; 11                          ;
; cycloneiii_io_obuf    ; 2                           ;
; cycloneiii_lcell_comb ; 246                         ;
;     arith             ; 15                          ;
;         2 data inputs ; 15                          ;
;     normal            ; 231                         ;
;         1 data inputs ; 7                           ;
;         2 data inputs ; 25                          ;
;         3 data inputs ; 32                          ;
;         4 data inputs ; 167                         ;
;                       ;                             ;
; Max LUT depth         ; 6.00                        ;
; Average LUT depth     ; 4.02                        ;
+-----------------------+-----------------------------+


+-------------------------------+
; Elapsed Time Per Partition    ;
+----------------+--------------+
; Partition Name ; Elapsed Time ;
+----------------+--------------+
; Top            ; 00:00:00     ;
+----------------+--------------+


+-------------------------------+
; Analysis & Synthesis Messages ;
+-------------------------------+
Info: *******************************************************************
Info: Running Quartus Prime Analysis & Synthesis
    Info: Version 23.1std.0 Build 991 11/28/2023 SC Lite Edition
    Info: Processing started: Thu Aug 15 12:22:03 2024
Info: Command: quartus_map --read_settings_files=on --write_settings_files=off oled_i2c_128x32 -c oled_i2c_128x32
Warning (18236): Number of processors has not been specified which may cause overloading on shared machines.  Set the global assignment NUM_PARALLEL_PROCESSORS in your QSF to an appropriate value for best performance.
Info (20030): Parallel compilation is enabled and will use 12 of the 12 processors detected
Info (12021): Found 1 design units, including 1 entities, in source file master_i2c.v
    Info (12023): Found entity 1: master_i2c File: D:/Personal/1-Universidad nacional/Semestre 6/Digital 1/Github/entrega-1-proyecto-grupo03-2024-1/src/quartus/oled_i2c_128x32/master_i2c.v Line: 3
Warning (12125): Using design file top_oled.v, which is not specified as a design file for the current project, but contains definitions for 1 design units and 1 entities in project
    Info (12023): Found entity 1: top_oled File: D:/Personal/1-Universidad nacional/Semestre 6/Digital 1/Github/entrega-1-proyecto-grupo03-2024-1/src/quartus/oled_i2c_128x32/top_oled.v Line: 3
Info (12127): Elaborating entity "top_oled" for the top level hierarchy
Info (12128): Elaborating entity "master_i2c" for hierarchy "master_i2c:i2c" File: D:/Personal/1-Universidad nacional/Semestre 6/Digital 1/Github/entrega-1-proyecto-grupo03-2024-1/src/quartus/oled_i2c_128x32/top_oled.v Line: 28
Warning (12125): Using design file ssd1306_master.v, which is not specified as a design file for the current project, but contains definitions for 1 design units and 1 entities in project
    Info (12023): Found entity 1: ssd1306_master File: D:/Personal/1-Universidad nacional/Semestre 6/Digital 1/Github/entrega-1-proyecto-grupo03-2024-1/src/quartus/oled_i2c_128x32/ssd1306_master.v Line: 1
Info (12128): Elaborating entity "ssd1306_master" for hierarchy "ssd1306_master:setup" File: D:/Personal/1-Universidad nacional/Semestre 6/Digital 1/Github/entrega-1-proyecto-grupo03-2024-1/src/quartus/oled_i2c_128x32/top_oled.v Line: 39
Warning (10036): Verilog HDL or VHDL warning at ssd1306_master.v(26): object "block_sep" assigned a value but never read File: D:/Personal/1-Universidad nacional/Semestre 6/Digital 1/Github/entrega-1-proyecto-grupo03-2024-1/src/quartus/oled_i2c_128x32/ssd1306_master.v Line: 26
Warning (10030): Net "pixels_oled.data_a" at ssd1306_master.v(25) has no driver or initial value, using a default initial value '0' File: D:/Personal/1-Universidad nacional/Semestre 6/Digital 1/Github/entrega-1-proyecto-grupo03-2024-1/src/quartus/oled_i2c_128x32/ssd1306_master.v Line: 25
Warning (10030): Net "pixels_oled.waddr_a" at ssd1306_master.v(25) has no driver or initial value, using a default initial value '0' File: D:/Personal/1-Universidad nacional/Semestre 6/Digital 1/Github/entrega-1-proyecto-grupo03-2024-1/src/quartus/oled_i2c_128x32/ssd1306_master.v Line: 25
Warning (10030): Net "pixels_oled.we_a" at ssd1306_master.v(25) has no driver or initial value, using a default initial value '0' File: D:/Personal/1-Universidad nacional/Semestre 6/Digital 1/Github/entrega-1-proyecto-grupo03-2024-1/src/quartus/oled_i2c_128x32/ssd1306_master.v Line: 25
Info (276014): Found 1 instances of uninferred RAM logic
    Info (276007): RAM logic "ssd1306_master:setup|pixels_oled" is uninferred due to asynchronous read logic File: D:/Personal/1-Universidad nacional/Semestre 6/Digital 1/Github/entrega-1-proyecto-grupo03-2024-1/src/quartus/oled_i2c_128x32/ssd1306_master.v Line: 25
Info (286030): Timing-Driven Synthesis is running
Info (17049): 2 registers lost all their fanouts during netlist optimizations.
Info (16010): Generating hard_block partition "hard_block:auto_generated_inst"
    Info (16011): Adding 0 node(s), including 0 DDIO, 0 PLL, 0 transceiver and 0 LCELL
Info (21057): Implemented 255 device resources after synthesis - the final resource count might be different
    Info (21058): Implemented 1 input pins
    Info (21059): Implemented 0 output pins
    Info (21060): Implemented 2 bidirectional pins
    Info (21061): Implemented 252 logic cells
Info: Quartus Prime Analysis & Synthesis was successful. 0 errors, 7 warnings
    Info: Peak virtual memory: 4837 megabytes
    Info: Processing ended: Thu Aug 15 12:22:09 2024
    Info: Elapsed time: 00:00:06
    Info: Total CPU time (on all processors): 00:00:05


