#! /c/Source/iverilog-install/bin/vvp
:ivl_version "12.0 (devel)" "(s20150603-1539-g2693dd32b)";
:ivl_delay_selection "TYPICAL";
:vpi_time_precision + 0;
:vpi_module "C:\iverilog\lib\ivl\system.vpi";
:vpi_module "C:\iverilog\lib\ivl\vhdl_sys.vpi";
:vpi_module "C:\iverilog\lib\ivl\vhdl_textio.vpi";
:vpi_module "C:\iverilog\lib\ivl\v2005_math.vpi";
:vpi_module "C:\iverilog\lib\ivl\va_math.vpi";
S_000001ce8d6d2df0 .scope module, "sonido_btn_action" "sonido_btn_action" 2 1;
 .timescale 0 0;
    .port_info 0 /INPUT 1 "clk";
    .port_info 1 /INPUT 1 "btn_action";
    .port_info 2 /OUTPUT 1 "buzzer";
P_000001ce8d6bdd50 .param/l "DO_frequency" 1 2 8, C4<00001011101010100010>;
v000001ce8d6bef30_0 .var "DO", 19 0;
o000001ce8d706fc8 .functor BUFZ 1, C4<z>; HiZ drive
v000001ce8d6d2f80_0 .net "btn_action", 0 0, o000001ce8d706fc8;  0 drivers
v000001ce8d6d3020_0 .var "buzzer", 0 0;
o000001ce8d707028 .functor BUFZ 1, C4<z>; HiZ drive
v000001ce8d6d30c0_0 .net "clk", 0 0, o000001ce8d707028;  0 drivers
E_000001ce8d6bdc90 .event anyedge, v000001ce8d6d2f80_0, v000001ce8d6bef30_0;
E_000001ce8d6bd710 .event posedge, v000001ce8d6d30c0_0;
    .scope S_000001ce8d6d2df0;
T_0 ;
    %pushi/vec4 0, 0, 20;
    %store/vec4 v000001ce8d6bef30_0, 0, 20;
    %end;
    .thread T_0;
    .scope S_000001ce8d6d2df0;
T_1 ;
    %wait E_000001ce8d6bd710;
    %load/vec4 v000001ce8d6bef30_0;
    %cmpi/e 47778, 0, 20;
    %jmp/0xz  T_1.0, 4;
    %pushi/vec4 0, 0, 20;
    %assign/vec4 v000001ce8d6bef30_0, 0;
    %jmp T_1.1;
T_1.0 ;
    %load/vec4 v000001ce8d6bef30_0;
    %addi 1, 0, 20;
    %assign/vec4 v000001ce8d6bef30_0, 0;
T_1.1 ;
    %jmp T_1;
    .thread T_1;
    .scope S_000001ce8d6d2df0;
T_2 ;
    %wait E_000001ce8d6bdc90;
    %load/vec4 v000001ce8d6d2f80_0;
    %cmpi/e 1, 0, 1;
    %jmp/0xz  T_2.0, 4;
    %load/vec4 v000001ce8d6bef30_0;
    %parti/s 1, 19, 6;
    %store/vec4 v000001ce8d6d3020_0, 0, 1;
    %jmp T_2.1;
T_2.0 ;
    %pushi/vec4 0, 0, 1;
    %store/vec4 v000001ce8d6d3020_0, 0, 1;
T_2.1 ;
    %jmp T_2;
    .thread T_2, $push;
# The file index is used to find the file name in the following table.
:file_names 3;
    "N/A";
    "<interactive>";
    "src\quartus\fsm\sonido_btn_action.v";
