#! /c/Source/iverilog-install/bin/vvp
:ivl_version "12.0 (devel)" "(s20150603-1539-g2693dd32b)";
:ivl_delay_selection "TYPICAL";
:vpi_time_precision - 12;
:vpi_module "C:\iverilog\lib\ivl\system.vpi";
:vpi_module "C:\iverilog\lib\ivl\vhdl_sys.vpi";
:vpi_module "C:\iverilog\lib\ivl\vhdl_textio.vpi";
:vpi_module "C:\iverilog\lib\ivl\v2005_math.vpi";
:vpi_module "C:\iverilog\lib\ivl\va_math.vpi";
S_000001737f09bb50 .scope module, "top" "top" 2 3;
 .timescale -9 -12;
    .port_info 0 /INPUT 1 "clk";
    .port_info 1 /INPUT 1 "btn_reset";
    .port_info 2 /INPUT 1 "btn_cancel";
    .port_info 3 /INPUT 1 "btn_test";
    .port_info 4 /INPUT 1 "btn_action";
    .port_info 5 /INOUT 1 "scl_display";
    .port_info 6 /INOUT 1 "sda_display";
    .port_info 7 /INOUT 1 "scl_converter";
    .port_info 8 /INOUT 1 "sda_converter";
    .port_info 9 /INOUT 1 "buzzer";
    .port_info 10 /OUTPUT 1 "trigger";
P_000001737f0b2ca0 .param/l "DEATH" 1 2 148, C4<00110>;
P_000001737f0b2cd8 .param/l "EAT" 1 2 146, C4<0100>;
P_000001737f0b2d10 .param/l "HEAL" 1 2 147, C4<0101>;
P_000001737f0b2d48 .param/l "IND_EAT" 1 2 154, C4<0010>;
P_000001737f0b2d80 .param/l "IND_HEAL" 1 2 155, C4<0011>;
P_000001737f0b2db8 .param/l "IND_PLAY" 1 2 152, C4<0000>;
P_000001737f0b2df0 .param/l "IND_SLEEP" 1 2 153, C4<0001>;
P_000001737f0b2e28 .param/l "LIFE_MINUS" 1 2 67, C4<11110>;
P_000001737f0b2e60 .param/l "LIFE_PLUS" 1 2 66, C4<1000110>;
P_000001737f0b2e98 .param/l "MAIN" 1 2 143, C4<0001>;
P_000001737f0b2ed0 .param/l "PLAY" 1 2 144, C4<0010>;
P_000001737f0b2f08 .param/l "SLEEP" 1 2 145, C4<0011>;
P_000001737f0b2f40 .param/l "WAKE_UP" 1 2 142, C4<0000>;
o000001737f106fb8 .functor BUFZ 1, C4<z>; HiZ drive
v000001737f0dc0e0_0 .net "btn_action", 0 0, o000001737f106fb8;  0 drivers
o000001737f106fe8 .functor BUFZ 1, C4<z>; HiZ drive
v000001737f0b3420_0 .net "btn_cancel", 0 0, o000001737f106fe8;  0 drivers
v000001737f0dc6c0_0 .var "btn_left", 0 0;
o000001737f107048 .functor BUFZ 1, C4<z>; HiZ drive
v000001737f0dc760_0 .net "btn_reset", 0 0, o000001737f107048;  0 drivers
v000001737f0b2f80_0 .var "btn_right", 0 0;
o000001737f1070a8 .functor BUFZ 1, C4<z>; HiZ drive
v000001737f0b3020_0 .net "btn_test", 0 0, o000001737f1070a8;  0 drivers
o000001737f1070d8 .functor BUFZ 1, C4<z>; HiZ drive
v000001737f160040_0 .net "buzzer", 0 0, o000001737f1070d8;  0 drivers
o000001737f107108 .functor BUFZ 1, C4<z>; HiZ drive
v000001737f1600e0_0 .net "clk", 0 0, o000001737f107108;  0 drivers
v000001737f160180_0 .var "clk_1s", 0 0;
v000001737f160220_0 .var "clk_2s", 0 0;
v000001737f1602c0_0 .var "cont_clk_1s", 25 0;
v000001737f160360_0 .var "cont_clk_2s", 26 0;
v000001737f160400_0 .var "cont_food", 5 0;
v000001737f1604a0_0 .var "cont_fun", 5 0;
v000001737f161350_0 .var "cont_rest", 5 0;
v000001737f1608b0_0 .var "death", 0 0;
v000001737f160770_0 .var "disease", 0 0;
v000001737f160db0_0 .var "enable_btn_joystick", 0 0;
v000001737f161490_0 .var "food", 6 0;
v000001737f160630_0 .var "fun", 6 0;
v000001737f160950_0 .var/i "i", 31 0;
v000001737f160d10_0 .var "ind_select", 3 0;
v000001737f160a90_0 .var "life", 6 0;
v000001737f1613f0_0 .var "medicines", 6 0;
v000001737f160e50 .array "pixels_default", 0 511, 7 0;
v000001737f161170 .array "pixels_oled", 0 511, 7 0;
v000001737f160590_0 .var "rest", 6 0;
o000001737f107468 .functor BUFZ 1, C4<z>; HiZ drive
v000001737f160ef0_0 .net "scl_converter", 0 0, o000001737f107468;  0 drivers
o000001737f107498 .functor BUFZ 1, C4<z>; HiZ drive
v000001737f1609f0_0 .net "scl_display", 0 0, o000001737f107498;  0 drivers
o000001737f1074c8 .functor BUFZ 1, C4<z>; HiZ drive
v000001737f160810_0 .net "sda_converter", 0 0, o000001737f1074c8;  0 drivers
o000001737f1074f8 .functor BUFZ 1, C4<z>; HiZ drive
v000001737f161210_0 .net "sda_display", 0 0, o000001737f1074f8;  0 drivers
v000001737f1606d0_0 .var "state", 3 0;
o000001737f107558 .functor BUFZ 1, C4<z>; HiZ drive
v000001737f160b30_0 .net "trigger", 0 0, o000001737f107558;  0 drivers
E_000001737f0da4c0 .event negedge, v000001737f160220_0;
E_000001737f0da600 .event posedge, v000001737f1600e0_0;
E_000001737f0da640 .event negedge, v000001737f160180_0;
    .scope S_000001737f09bb50;
T_0 ;
    %pushi/vec4 100, 0, 7;
    %store/vec4 v000001737f160a90_0, 0, 7;
    %pushi/vec4 50, 0, 7;
    %store/vec4 v000001737f161490_0, 0, 7;
    %pushi/vec4 50, 0, 7;
    %store/vec4 v000001737f160630_0, 0, 7;
    %pushi/vec4 50, 0, 7;
    %store/vec4 v000001737f160590_0, 0, 7;
    %pushi/vec4 0, 0, 7;
    %store/vec4 v000001737f1613f0_0, 0, 7;
    %pushi/vec4 0, 0, 1;
    %store/vec4 v000001737f160770_0, 0, 1;
    %pushi/vec4 0, 0, 1;
    %store/vec4 v000001737f1608b0_0, 0, 1;
    %pushi/vec4 0, 0, 26;
    %store/vec4 v000001737f1602c0_0, 0, 26;
    %pushi/vec4 0, 0, 1;
    %store/vec4 v000001737f160180_0, 0, 1;
    %pushi/vec4 0, 0, 27;
    %store/vec4 v000001737f160360_0, 0, 27;
    %pushi/vec4 0, 0, 1;
    %store/vec4 v000001737f160220_0, 0, 1;
    %pushi/vec4 0, 0, 6;
    %store/vec4 v000001737f160400_0, 0, 6;
    %pushi/vec4 0, 0, 6;
    %store/vec4 v000001737f1604a0_0, 0, 6;
    %pushi/vec4 0, 0, 6;
    %store/vec4 v000001737f161350_0, 0, 6;
    %pushi/vec4 0, 0, 4;
    %store/vec4 v000001737f1606d0_0, 0, 4;
    %pushi/vec4 0, 0, 4;
    %store/vec4 v000001737f160d10_0, 0, 4;
    %pushi/vec4 1, 0, 1;
    %store/vec4 v000001737f160db0_0, 0, 1;
    %end;
    .thread T_0;
    .scope S_000001737f09bb50;
T_1 ;
    %vpi_call 2 32 "$readmemh", "D:/Personal/1-Universidad nacional/Semestre 6/Digital 1/Github/entrega-1-proyecto-grupo03-2024-1/src/fsm/pixels_oled.men", v000001737f161170, 32'sb00000000000000000000000000000000, 32'sb00000000000000000000000111111111 {0 0 0};
    %vpi_call 2 33 "$readmemh", "D:/Personal/1-Universidad nacional/Semestre 6/Digital 1/Github/entrega-1-proyecto-grupo03-2024-1/src/fsm/pixels_default.men", v000001737f160e50, 32'sb00000000000000000000000000000000, 32'sb00000000000000000000000111111111 {0 0 0};
    %end;
    .thread T_1;
    .scope S_000001737f09bb50;
T_2 ;
    %wait E_000001737f0da600;
    %load/vec4 v000001737f1602c0_0;
    %pad/u 32;
    %cmpi/e 500, 0, 32;
    %jmp/0xz  T_2.0, 4;
    %load/vec4 v000001737f160180_0;
    %inv;
    %assign/vec4 v000001737f160180_0, 0;
    %pushi/vec4 0, 0, 26;
    %assign/vec4 v000001737f1602c0_0, 0;
    %jmp T_2.1;
T_2.0 ;
    %load/vec4 v000001737f1602c0_0;
    %addi 1, 0, 26;
    %assign/vec4 v000001737f1602c0_0, 0;
T_2.1 ;
    %jmp T_2;
    .thread T_2;
    .scope S_000001737f09bb50;
T_3 ;
    %wait E_000001737f0da600;
    %load/vec4 v000001737f160360_0;
    %cmpi/e 100000000, 0, 27;
    %jmp/0xz  T_3.0, 4;
    %load/vec4 v000001737f160220_0;
    %inv;
    %assign/vec4 v000001737f160220_0, 0;
    %pushi/vec4 0, 0, 27;
    %assign/vec4 v000001737f160360_0, 0;
    %jmp T_3.1;
T_3.0 ;
    %load/vec4 v000001737f160360_0;
    %addi 1, 0, 27;
    %assign/vec4 v000001737f160360_0, 0;
T_3.1 ;
    %jmp T_3;
    .thread T_3;
    .scope S_000001737f09bb50;
T_4 ;
    %wait E_000001737f0da640;
    %load/vec4 v000001737f160400_0;
    %addi 1, 0, 6;
    %store/vec4 v000001737f160400_0, 0, 6;
    %load/vec4 v000001737f1604a0_0;
    %addi 1, 0, 6;
    %store/vec4 v000001737f1604a0_0, 0, 6;
    %load/vec4 v000001737f161350_0;
    %addi 1, 0, 6;
    %store/vec4 v000001737f161350_0, 0, 6;
    %load/vec4 v000001737f160400_0;
    %cmpi/u 3, 0, 6;
    %flag_inv 5; GE is !LT
    %jmp/0xz  T_4.0, 5;
    %load/vec4 v000001737f161490_0;
    %subi 1, 0, 7;
    %assign/vec4 v000001737f161490_0, 0;
    %pushi/vec4 0, 0, 6;
    %assign/vec4 v000001737f160400_0, 0;
T_4.0 ;
    %load/vec4 v000001737f1604a0_0;
    %cmpi/u 4, 0, 6;
    %flag_inv 5; GE is !LT
    %jmp/0xz  T_4.2, 5;
    %load/vec4 v000001737f160630_0;
    %subi 1, 0, 7;
    %assign/vec4 v000001737f160630_0, 0;
    %pushi/vec4 0, 0, 6;
    %assign/vec4 v000001737f1604a0_0, 0;
T_4.2 ;
    %load/vec4 v000001737f161350_0;
    %cmpi/u 5, 0, 6;
    %flag_inv 5; GE is !LT
    %jmp/0xz  T_4.4, 5;
    %load/vec4 v000001737f160590_0;
    %subi 1, 0, 7;
    %assign/vec4 v000001737f160590_0, 0;
    %pushi/vec4 0, 0, 6;
    %assign/vec4 v000001737f161350_0, 0;
T_4.4 ;
    %load/vec4 v000001737f161490_0;
    %cmpi/u 30, 0, 7;
    %flag_or 5, 4;
    %flag_get/vec4 5;
    %jmp/0 T_4.8, 5;
    %pushi/vec4 0, 0, 32;
    %load/vec4 v000001737f160a90_0;
    %pad/u 32;
    %cmp/u;
    %flag_get/vec4 5;
    %and;
T_4.8;
    %flag_set/vec4 8;
    %jmp/0xz  T_4.6, 8;
    %load/vec4 v000001737f160a90_0;
    %subi 1, 0, 7;
    %store/vec4 v000001737f160a90_0, 0, 7;
T_4.6 ;
    %load/vec4 v000001737f160630_0;
    %cmpi/u 30, 0, 7;
    %flag_or 5, 4;
    %flag_get/vec4 5;
    %jmp/0 T_4.11, 5;
    %pushi/vec4 0, 0, 32;
    %load/vec4 v000001737f160a90_0;
    %pad/u 32;
    %cmp/u;
    %flag_get/vec4 5;
    %and;
T_4.11;
    %flag_set/vec4 8;
    %jmp/0xz  T_4.9, 8;
    %load/vec4 v000001737f160a90_0;
    %subi 1, 0, 7;
    %store/vec4 v000001737f160a90_0, 0, 7;
T_4.9 ;
    %load/vec4 v000001737f160590_0;
    %cmpi/u 30, 0, 7;
    %flag_or 5, 4;
    %flag_get/vec4 5;
    %jmp/0 T_4.14, 5;
    %pushi/vec4 0, 0, 32;
    %load/vec4 v000001737f160a90_0;
    %pad/u 32;
    %cmp/u;
    %flag_get/vec4 5;
    %and;
T_4.14;
    %flag_set/vec4 8;
    %jmp/0xz  T_4.12, 8;
    %load/vec4 v000001737f160a90_0;
    %subi 1, 0, 7;
    %store/vec4 v000001737f160a90_0, 0, 7;
T_4.12 ;
    %load/vec4 v000001737f161490_0;
    %cmpi/u 70, 0, 7;
    %flag_inv 5; GE is !LT
    %flag_get/vec4 5;
    %jmp/0 T_4.17, 5;
    %load/vec4 v000001737f160a90_0;
    %pad/u 32;
    %cmpi/u 100, 0, 32;
    %flag_get/vec4 5;
    %and;
T_4.17;
    %flag_set/vec4 8;
    %jmp/0xz  T_4.15, 8;
    %load/vec4 v000001737f160a90_0;
    %addi 1, 0, 7;
    %store/vec4 v000001737f160a90_0, 0, 7;
T_4.15 ;
    %load/vec4 v000001737f160630_0;
    %cmpi/u 70, 0, 7;
    %flag_inv 5; GE is !LT
    %flag_get/vec4 5;
    %jmp/0 T_4.20, 5;
    %load/vec4 v000001737f160a90_0;
    %pad/u 32;
    %cmpi/u 100, 0, 32;
    %flag_get/vec4 5;
    %and;
T_4.20;
    %flag_set/vec4 8;
    %jmp/0xz  T_4.18, 8;
    %load/vec4 v000001737f160a90_0;
    %addi 1, 0, 7;
    %store/vec4 v000001737f160a90_0, 0, 7;
T_4.18 ;
    %load/vec4 v000001737f160590_0;
    %cmpi/u 70, 0, 7;
    %flag_inv 5; GE is !LT
    %flag_get/vec4 5;
    %jmp/0 T_4.23, 5;
    %load/vec4 v000001737f160a90_0;
    %pad/u 32;
    %cmpi/u 100, 0, 32;
    %flag_get/vec4 5;
    %and;
T_4.23;
    %flag_set/vec4 8;
    %jmp/0xz  T_4.21, 8;
    %load/vec4 v000001737f160a90_0;
    %addi 1, 0, 7;
    %store/vec4 v000001737f160a90_0, 0, 7;
T_4.21 ;
    %jmp T_4;
    .thread T_4;
    .scope S_000001737f09bb50;
T_5 ;
    %wait E_000001737f0da600;
    %load/vec4 v000001737f160a90_0;
    %pad/u 32;
    %cmpi/u 20, 0, 32;
    %flag_or 5, 4;
    %jmp/0xz  T_5.0, 5;
    %pushi/vec4 1, 0, 1;
    %assign/vec4 v000001737f160770_0, 0;
    %jmp T_5.1;
T_5.0 ;
    %pushi/vec4 0, 0, 1;
    %assign/vec4 v000001737f160770_0, 0;
T_5.1 ;
    %load/vec4 v000001737f160a90_0;
    %pad/u 32;
    %cmpi/e 0, 0, 32;
    %jmp/0xz  T_5.2, 4;
    %pushi/vec4 1, 0, 1;
    %store/vec4 v000001737f1608b0_0, 0, 1;
    %jmp T_5.3;
T_5.2 ;
    %pushi/vec4 0, 0, 1;
    %store/vec4 v000001737f1608b0_0, 0, 1;
T_5.3 ;
    %jmp T_5;
    .thread T_5;
    .scope S_000001737f09bb50;
T_6 ;
    %wait E_000001737f0da600;
    %load/vec4 v000001737f1606d0_0;
    %dup/vec4;
    %pushi/vec4 0, 0, 4;
    %cmp/u;
    %jmp/1 T_6.0, 6;
    %dup/vec4;
    %pushi/vec4 1, 0, 4;
    %cmp/u;
    %jmp/1 T_6.1, 6;
    %dup/vec4;
    %pushi/vec4 2, 0, 4;
    %cmp/u;
    %jmp/1 T_6.2, 6;
    %dup/vec4;
    %pushi/vec4 3, 0, 4;
    %cmp/u;
    %jmp/1 T_6.3, 6;
    %dup/vec4;
    %pushi/vec4 4, 0, 4;
    %cmp/u;
    %jmp/1 T_6.4, 6;
    %dup/vec4;
    %pushi/vec4 5, 0, 4;
    %cmp/u;
    %jmp/1 T_6.5, 6;
    %dup/vec4;
    %pushi/vec4 6, 0, 4;
    %cmp/u;
    %jmp/1 T_6.6, 6;
    %jmp T_6.7;
T_6.0 ;
    %jmp T_6.7;
T_6.1 ;
    %pushi/vec4 128, 0, 32;
    %store/vec4 v000001737f160950_0, 0, 32;
T_6.8 ;
    %load/vec4 v000001737f160950_0;
    %cmpi/s 256, 0, 32;
    %jmp/0xz T_6.9, 5;
    %pushi/vec4 0, 0, 1;
    %ix/getv/s 4, v000001737f160950_0;
    %flag_mov 8, 4;
    %ix/load 5, 4, 0;
    %flag_set/imm 4, 0;
    %flag_or 4, 8;
    %store/vec4a v000001737f161170, 4, 5;
    ; show_stmt_assign_vector: Get l-value for compressed += operand
    %load/vec4 v000001737f160950_0;
    %pushi/vec4 1, 0, 32;
    %add;
    %store/vec4 v000001737f160950_0, 0, 32;
    %jmp T_6.8;
T_6.9 ;
    %load/vec4 v000001737f160d10_0;
    %dup/vec4;
    %pushi/vec4 0, 0, 4;
    %cmp/u;
    %jmp/1 T_6.10, 6;
    %dup/vec4;
    %pushi/vec4 1, 0, 4;
    %cmp/u;
    %jmp/1 T_6.11, 6;
    %dup/vec4;
    %pushi/vec4 2, 0, 4;
    %cmp/u;
    %jmp/1 T_6.12, 6;
    %dup/vec4;
    %pushi/vec4 3, 0, 4;
    %cmp/u;
    %jmp/1 T_6.13, 6;
    %jmp T_6.14;
T_6.10 ;
    %pushi/vec4 128, 0, 32;
    %store/vec4 v000001737f160950_0, 0, 32;
T_6.15 ;
    %load/vec4 v000001737f160950_0;
    %cmpi/s 256, 0, 32;
    %jmp/0xz T_6.16, 5;
    %pushi/vec4 1, 0, 1;
    %ix/getv/s 4, v000001737f160950_0;
    %flag_mov 8, 4;
    %ix/load 5, 4, 0;
    %flag_set/imm 4, 0;
    %flag_or 4, 8;
    %store/vec4a v000001737f161170, 4, 5;
    ; show_stmt_assign_vector: Get l-value for compressed += operand
    %load/vec4 v000001737f160950_0;
    %pushi/vec4 1, 0, 32;
    %add;
    %store/vec4 v000001737f160950_0, 0, 32;
    %jmp T_6.15;
T_6.16 ;
    %jmp T_6.14;
T_6.11 ;
    %pushi/vec4 128, 0, 32;
    %store/vec4 v000001737f160950_0, 0, 32;
T_6.17 ;
    %load/vec4 v000001737f160950_0;
    %cmpi/s 256, 0, 32;
    %jmp/0xz T_6.18, 5;
    %pushi/vec4 1, 0, 1;
    %ix/getv/s 4, v000001737f160950_0;
    %flag_mov 8, 4;
    %ix/load 5, 4, 0;
    %flag_set/imm 4, 0;
    %flag_or 4, 8;
    %store/vec4a v000001737f161170, 4, 5;
    ; show_stmt_assign_vector: Get l-value for compressed += operand
    %load/vec4 v000001737f160950_0;
    %pushi/vec4 1, 0, 32;
    %add;
    %store/vec4 v000001737f160950_0, 0, 32;
    %jmp T_6.17;
T_6.18 ;
    %jmp T_6.14;
T_6.12 ;
    %pushi/vec4 128, 0, 32;
    %store/vec4 v000001737f160950_0, 0, 32;
T_6.19 ;
    %load/vec4 v000001737f160950_0;
    %cmpi/s 256, 0, 32;
    %jmp/0xz T_6.20, 5;
    %pushi/vec4 1, 0, 1;
    %ix/getv/s 4, v000001737f160950_0;
    %flag_mov 8, 4;
    %ix/load 5, 4, 0;
    %flag_set/imm 4, 0;
    %flag_or 4, 8;
    %store/vec4a v000001737f161170, 4, 5;
    ; show_stmt_assign_vector: Get l-value for compressed += operand
    %load/vec4 v000001737f160950_0;
    %pushi/vec4 1, 0, 32;
    %add;
    %store/vec4 v000001737f160950_0, 0, 32;
    %jmp T_6.19;
T_6.20 ;
    %jmp T_6.14;
T_6.13 ;
    %pushi/vec4 128, 0, 32;
    %store/vec4 v000001737f160950_0, 0, 32;
T_6.21 ;
    %load/vec4 v000001737f160950_0;
    %cmpi/s 256, 0, 32;
    %jmp/0xz T_6.22, 5;
    %pushi/vec4 1, 0, 1;
    %ix/getv/s 4, v000001737f160950_0;
    %flag_mov 8, 4;
    %ix/load 5, 4, 0;
    %flag_set/imm 4, 0;
    %flag_or 4, 8;
    %store/vec4a v000001737f161170, 4, 5;
    ; show_stmt_assign_vector: Get l-value for compressed += operand
    %load/vec4 v000001737f160950_0;
    %pushi/vec4 1, 0, 32;
    %add;
    %store/vec4 v000001737f160950_0, 0, 32;
    %jmp T_6.21;
T_6.22 ;
    %jmp T_6.14;
T_6.14 ;
    %pop/vec4 1;
    %jmp T_6.7;
T_6.2 ;
    %jmp T_6.7;
T_6.3 ;
    %jmp T_6.7;
T_6.4 ;
    %jmp T_6.7;
T_6.5 ;
    %jmp T_6.7;
T_6.6 ;
    %jmp T_6.7;
T_6.7 ;
    %pop/vec4 1;
    %jmp T_6;
    .thread T_6;
    .scope S_000001737f09bb50;
T_7 ;
    %wait E_000001737f0da600;
    %load/vec4 v000001737f1606d0_0;
    %cmpi/e 1, 0, 4;
    %jmp/0xz  T_7.0, 4;
    %load/vec4 v000001737f0dc6c0_0;
    %pad/u 32;
    %cmpi/e 1, 0, 32;
    %flag_get/vec4 4;
    %jmp/0 T_7.4, 4;
    %load/vec4 v000001737f160db0_0;
    %and;
T_7.4;
    %flag_set/vec4 8;
    %jmp/0xz  T_7.2, 8;
    %pushi/vec4 0, 0, 1;
    %assign/vec4 v000001737f160db0_0, 0;
    %load/vec4 v000001737f160d10_0;
    %cmpi/ne 0, 0, 4;
    %jmp/0xz  T_7.5, 4;
    %load/vec4 v000001737f160d10_0;
    %subi 1, 0, 4;
    %store/vec4 v000001737f160d10_0, 0, 4;
T_7.5 ;
T_7.2 ;
    %load/vec4 v000001737f0b2f80_0;
    %pad/u 32;
    %cmpi/e 1, 0, 32;
    %flag_get/vec4 4;
    %jmp/0 T_7.9, 4;
    %load/vec4 v000001737f160db0_0;
    %and;
T_7.9;
    %flag_set/vec4 8;
    %jmp/0xz  T_7.7, 8;
    %pushi/vec4 0, 0, 1;
    %assign/vec4 v000001737f160db0_0, 0;
    %load/vec4 v000001737f160d10_0;
    %cmpi/e 2, 0, 4;
    %flag_get/vec4 4;
    %jmp/0 T_7.12, 4;
    %load/vec4 v000001737f160770_0;
    %pad/u 32;
    %pushi/vec4 1, 0, 32;
    %cmp/e;
    %flag_get/vec4 4;
    %and;
T_7.12;
    %flag_set/vec4 8;
    %jmp/0xz  T_7.10, 8;
    %load/vec4 v000001737f160d10_0;
    %addi 1, 0, 4;
    %store/vec4 v000001737f160d10_0, 0, 4;
    %jmp T_7.11;
T_7.10 ;
    %load/vec4 v000001737f160d10_0;
    %cmpi/ne 3, 0, 4;
    %flag_get/vec4 4;
    %jmp/0 T_7.15, 4;
    %load/vec4 v000001737f160d10_0;
    %pushi/vec4 2, 0, 4;
    %cmp/ne;
    %flag_get/vec4 4;
    %and;
T_7.15;
    %flag_set/vec4 8;
    %jmp/0xz  T_7.13, 8;
    %load/vec4 v000001737f160d10_0;
    %addi 1, 0, 4;
    %store/vec4 v000001737f160d10_0, 0, 4;
T_7.13 ;
T_7.11 ;
T_7.7 ;
T_7.0 ;
    %jmp T_7;
    .thread T_7;
    .scope S_000001737f09bb50;
T_8 ;
    %wait E_000001737f0da4c0;
    %load/vec4 v000001737f160db0_0;
    %pad/u 32;
    %cmpi/e 0, 0, 32;
    %jmp/0xz  T_8.0, 4;
    %pushi/vec4 1, 0, 1;
    %assign/vec4 v000001737f160db0_0, 0;
T_8.0 ;
    %jmp T_8;
    .thread T_8;
# The file index is used to find the file name in the following table.
:file_names 3;
    "N/A";
    "<interactive>";
    "src\fsm\top.v";
