#! /c/Source/iverilog-install/bin/vvp
:ivl_version "12.0 (devel)" "(s20150603-1539-g2693dd32b)";
:ivl_delay_selection "TYPICAL";
:vpi_time_precision - 12;
:vpi_module "C:\iverilog\lib\ivl\system.vpi";
:vpi_module "C:\iverilog\lib\ivl\vhdl_sys.vpi";
:vpi_module "C:\iverilog\lib\ivl\vhdl_textio.vpi";
:vpi_module "C:\iverilog\lib\ivl\v2005_math.vpi";
:vpi_module "C:\iverilog\lib\ivl\va_math.vpi";
S_00000278d56e6ac0 .scope module, "ssd1306_display_tb" "ssd1306_display_tb" 2 5;
 .timescale -9 -12;
v00000278d572a260_0 .var *"_ivl_0", 0 0; Local signal
v00000278d5729720_0 .var "clk", 0 0;
v00000278d572a580_0 .net "read_bytesA0", 15 0, v00000278d5752880_0;  1 drivers
v00000278d572abc0_0 .net "scl", 0 0, L_00000278d5729cc0;  1 drivers
v00000278d5729860_0 .net "sda", 0 0, L_00000278d572aee0;  1 drivers
S_00000278d56cc5b0 .scope module, "UUT_top_ads1115" "top_ads1115" 2 15, 3 6 0, S_00000278d56e6ac0;
 .timescale -9 -12;
    .port_info 0 /INPUT 1 "clk";
    .port_info 1 /INOUT 1 "sda";
    .port_info 2 /INOUT 1 "scl";
    .port_info 3 /OUTPUT 16 "read_bytesA0";
v00000278d572a440_0 .net "addr_byte_in", 6 0, v00000278d572a800_0;  1 drivers
v00000278d5729d60_0 .net "clk", 0 0, v00000278d5729720_0;  1 drivers
v00000278d5729360_0 .net "continue_bit", 0 0, v00000278d57297c0_0;  1 drivers
v00000278d5729400_0 .net "data_byte_in", 7 0, v00000278d57290e0_0;  1 drivers
v00000278d572ae40_0 .net "data_counter", 9 0, v00000278d5752e20_0;  1 drivers
v00000278d5729900_0 .net "only_register", 0 0, v00000278d572a940_0;  1 drivers
v00000278d57295e0_0 .net "read_bytesA0", 15 0, v00000278d5752880_0;  alias, 1 drivers
v00000278d572a300_0 .net "read_write", 0 0, v00000278d572ada0_0;  1 drivers
v00000278d5729540_0 .net "register_byte_in", 7 0, v00000278d57292c0_0;  1 drivers
v00000278d572ac60_0 .net "scl", 0 0, L_00000278d5729cc0;  alias, 1 drivers
v00000278d572ab20_0 .net "sda", 0 0, L_00000278d572aee0;  alias, 1 drivers
v00000278d5729680_0 .net "state", 3 0, v00000278d572ad00_0;  1 drivers
S_00000278d56cc740 .scope module, "UTT_i2c" "i2c_ads1115" 3 21, 4 3 0, S_00000278d56cc5b0;
 .timescale -9 -12;
    .port_info 0 /INPUT 1 "clk";
    .port_info 1 /INPUT 7 "addr_byte_in";
    .port_info 2 /INPUT 1 "read_write";
    .port_info 3 /INPUT 8 "register_byte_in";
    .port_info 4 /INPUT 8 "data_byte_in";
    .port_info 5 /INPUT 1 "continue_bit";
    .port_info 6 /INOUT 1 "scl";
    .port_info 7 /INOUT 1 "sda";
    .port_info 8 /INPUT 1 "only_register";
    .port_info 9 /OUTPUT 4 "state";
    .port_info 10 /OUTPUT 10 "data_counter";
    .port_info 11 /OUTPUT 16 "read_bytesA0";
P_00000278d56d05f0 .param/l "ACKNOWLEDGE" 1 4 40, C4<0110>;
P_00000278d56d0628 .param/l "ADDRESS" 1 4 36, C4<0010>;
P_00000278d56d0660 .param/l "DELAY" 1 4 43, C4<1001>;
P_00000278d56d0698 .param/l "IDLE" 1 4 34, C4<0000>;
P_00000278d56d06d0 .param/l "READ" 1 4 39, C4<0101>;
P_00000278d56d0708 .param/l "RECOGNITION_ACK" 1 4 41, C4<0111>;
P_00000278d56d0740 .param/l "SEND_READ_ACK" 1 4 44, C4<1010>;
P_00000278d56d0778 .param/l "START" 1 4 35, C4<0001>;
P_00000278d56d07b0 .param/l "STOP" 1 4 42, C4<1000>;
P_00000278d56d07e8 .param/l "WRITE_DATA" 1 4 38, C4<0100>;
P_00000278d56d0820 .param/l "WRITE_REGISTER" 1 4 37, C4<0011>;
P_00000278d56d0858 .param/l "n_instructions" 1 4 46, +C4<00000000000000000000000000001001>;
v00000278d5684e40_0 .net *"_ivl_0", 31 0, L_00000278d572a4e0;  1 drivers
L_00000278d5753100 .functor BUFT 1, C4<0>, C4<0>, C4<0>, C4<0>;
v00000278d5681e90_0 .net/2u *"_ivl_10", 0 0, L_00000278d5753100;  1 drivers
L_00000278d5753148 .functor BUFT 1, C4<0000>, C4<0>, C4<0>, C4<0>;
v00000278d5680d40_0 .net/2u *"_ivl_14", 3 0, L_00000278d5753148;  1 drivers
L_00000278d5753190 .functor BUFT 1, C4<0101>, C4<0>, C4<0>, C4<0>;
v00000278d5680c00_0 .net/2u *"_ivl_18", 3 0, L_00000278d5753190;  1 drivers
o00000278d56e7028 .functor BUFZ 1, C4<z>; HiZ drive
; Elide local net with no drivers, v00000278d56533c0_0 name=_ivl_22
o00000278d56e7058 .functor BUFZ 1, C4<z>; HiZ drive
; Elide local net with no drivers, v00000278d5752ba0_0 name=_ivl_26
L_00000278d5753028 .functor BUFT 1, C4<0000000000000000000000000>, C4<0>, C4<0>, C4<0>;
v00000278d5752740_0 .net *"_ivl_3", 24 0, L_00000278d5753028;  1 drivers
L_00000278d5753070 .functor BUFT 1, C4<00000000000000000000000000011110>, C4<0>, C4<0>, C4<0>;
v00000278d57529c0_0 .net/2u *"_ivl_4", 31 0, L_00000278d5753070;  1 drivers
v00000278d5752240_0 .net *"_ivl_6", 0 0, L_00000278d5729ae0;  1 drivers
L_00000278d57530b8 .functor BUFT 1, C4<1>, C4<0>, C4<0>, C4<0>;
v00000278d57522e0_0 .net/2u *"_ivl_8", 0 0, L_00000278d57530b8;  1 drivers
v00000278d57526a0_0 .var "ack", 0 0;
v00000278d5752ce0_0 .net "addr_byte_in", 6 0, v00000278d572a800_0;  alias, 1 drivers
v00000278d5752c40_0 .var "addr_byte_out", 7 0;
v00000278d5752420_0 .var "band", 0 0;
v00000278d57521a0_0 .var "bit_counter", 4 0;
v00000278d5752d80_0 .var "bus_timing", 1 0;
v00000278d57524c0_0 .net "clk", 0 0, v00000278d5729720_0;  alias, 1 drivers
v00000278d5752380_0 .net "clk_pulse", 0 0, L_00000278d572a080;  1 drivers
v00000278d57527e0_0 .net "continue_bit", 0 0, v00000278d57297c0_0;  alias, 1 drivers
v00000278d5752100_0 .net "data_byte_in", 7 0, v00000278d57290e0_0;  alias, 1 drivers
v00000278d5752f60_0 .var "data_byte_out", 7 0;
v00000278d5752e20_0 .var "data_counter", 9 0;
v00000278d5752a60_0 .var "next_state", 3 0;
v00000278d5752560_0 .net "only_register", 0 0, v00000278d572a940_0;  alias, 1 drivers
v00000278d5752b00_0 .var "read_bytes", 15 0;
v00000278d5752880_0 .var "read_bytesA0", 15 0;
v00000278d5752ec0_0 .var "read_register", 0 0;
v00000278d5752600_0 .net "read_write", 0 0, v00000278d572ada0_0;  alias, 1 drivers
v00000278d5752920_0 .net "register_byte_in", 7 0, v00000278d57292c0_0;  alias, 1 drivers
v00000278d5752060_0 .var "register_byte_out", 7 0;
v00000278d572a620_0 .net "scl", 0 0, L_00000278d5729cc0;  alias, 1 drivers
v00000278d57294a0_0 .net "scl_out_en", 0 0, L_00000278d57299a0;  1 drivers
v00000278d5729ea0_0 .var "scl_value", 0 0;
v00000278d5729180_0 .net "sda", 0 0, L_00000278d572aee0;  alias, 1 drivers
v00000278d572a760_0 .net "sda_out_en", 0 0, L_00000278d572a3a0;  1 drivers
v00000278d572a6c0_0 .var "sda_value", 0 0;
v00000278d572ad00_0 .var "state", 3 0;
v00000278d572aa80_0 .var "timer", 6 0;
v00000278d5729a40_0 .var "wdata_context", 0 0;
E_00000278d56deec0 .event posedge, v00000278d57524c0_0;
L_00000278d572a4e0 .concat [ 7 25 0 0], v00000278d572aa80_0, L_00000278d5753028;
L_00000278d5729ae0 .cmp/eq 32, L_00000278d572a4e0, L_00000278d5753070;
L_00000278d572a080 .functor MUXZ 1, L_00000278d5753100, L_00000278d57530b8, L_00000278d5729ae0, C4<>;
L_00000278d57299a0 .cmp/ne 4, v00000278d572ad00_0, L_00000278d5753148;
L_00000278d572a3a0 .cmp/ne 4, v00000278d572ad00_0, L_00000278d5753190;
L_00000278d5729cc0 .functor MUXZ 1, o00000278d56e7028, v00000278d5729ea0_0, L_00000278d57299a0, C4<>;
L_00000278d572aee0 .functor MUXZ 1, o00000278d56e7058, v00000278d572a6c0_0, L_00000278d572a3a0, C4<>;
S_00000278d56d08a0 .scope module, "UUT_setup" "ads1115_master" 3 36, 5 1 0, S_00000278d56cc5b0;
 .timescale -9 -12;
    .port_info 0 /INPUT 1 "clk";
    .port_info 1 /INPUT 4 "state";
    .port_info 2 /INPUT 10 "data_counter";
    .port_info 3 /OUTPUT 7 "addr_byte_in";
    .port_info 4 /OUTPUT 1 "read_write";
    .port_info 5 /OUTPUT 8 "register_byte_in";
    .port_info 6 /OUTPUT 8 "data_byte_in";
    .port_info 7 /OUTPUT 1 "continue_bit";
    .port_info 8 /OUTPUT 1 "only_register";
P_00000278d56bda10 .param/l "ACKNOWLEDGE" 1 5 21, C4<0110>;
P_00000278d56bda48 .param/l "ADDRESS" 1 5 17, C4<0010>;
P_00000278d56bda80 .param/l "DELAY" 1 5 24, C4<1001>;
P_00000278d56bdab8 .param/l "IDLE" 1 5 15, C4<0000>;
P_00000278d56bdaf0 .param/l "READ" 1 5 20, C4<0101>;
P_00000278d56bdb28 .param/l "RECOGNITION_ACK" 1 5 22, C4<0111>;
P_00000278d56bdb60 .param/l "SEND_READ_ACK" 1 5 25, C4<1010>;
P_00000278d56bdb98 .param/l "START" 1 5 16, C4<0001>;
P_00000278d56bdbd0 .param/l "STOP" 1 5 23, C4<1000>;
P_00000278d56bdc08 .param/l "WRITE_DATA" 1 5 19, C4<0100>;
P_00000278d56bdc40 .param/l "WRITE_REGISTER" 1 5 18, C4<0011>;
v00000278d572a800_0 .var "addr_byte_in", 6 0;
v00000278d572a8a0_0 .var "block_sep", 4 0;
v00000278d5729220_0 .net "clk", 0 0, v00000278d5729720_0;  alias, 1 drivers
v00000278d57297c0_0 .var "continue_bit", 0 0;
v00000278d57290e0_0 .var "data_byte_in", 7 0;
v00000278d5729b80_0 .net "data_counter", 9 0, v00000278d5752e20_0;  alias, 1 drivers
v00000278d572a940_0 .var "only_register", 0 0;
v00000278d572ada0_0 .var "read_write", 0 0;
v00000278d57292c0_0 .var "register_byte_in", 7 0;
v00000278d572a9e0_0 .net "state", 3 0, v00000278d572ad00_0;  alias, 1 drivers
    .scope S_00000278d56cc740;
T_0 ;
    %pushi/vec4 0, 0, 4;
    %store/vec4 v00000278d572ad00_0, 0, 4;
    %pushi/vec4 0, 0, 10;
    %store/vec4 v00000278d5752e20_0, 0, 10;
    %pushi/vec4 0, 0, 16;
    %store/vec4 v00000278d5752880_0, 0, 16;
    %pushi/vec4 0, 0, 7;
    %store/vec4 v00000278d572aa80_0, 0, 7;
    %pushi/vec4 0, 0, 1;
    %store/vec4 v00000278d5729a40_0, 0, 1;
    %pushi/vec4 0, 0, 1;
    %store/vec4 v00000278d5752ec0_0, 0, 1;
    %pushi/vec4 0, 0, 4;
    %store/vec4 v00000278d5752a60_0, 0, 4;
    %pushi/vec4 1, 0, 1;
    %store/vec4 v00000278d5729ea0_0, 0, 1;
    %pushi/vec4 1, 0, 1;
    %store/vec4 v00000278d572a6c0_0, 0, 1;
    %pushi/vec4 0, 0, 8;
    %store/vec4 v00000278d5752c40_0, 0, 8;
    %pushi/vec4 0, 0, 8;
    %store/vec4 v00000278d5752060_0, 0, 8;
    %pushi/vec4 0, 0, 8;
    %store/vec4 v00000278d5752f60_0, 0, 8;
    %pushi/vec4 0, 0, 1;
    %store/vec4 v00000278d57526a0_0, 0, 1;
    %pushi/vec4 0, 0, 2;
    %store/vec4 v00000278d5752d80_0, 0, 2;
    %pushi/vec4 0, 0, 16;
    %store/vec4 v00000278d5752b00_0, 0, 16;
    %pushi/vec4 0, 0, 1;
    %store/vec4 v00000278d5752420_0, 0, 1;
    %end;
    .thread T_0;
    .scope S_00000278d56cc740;
T_1 ;
    %wait E_00000278d56deec0;
    %load/vec4 v00000278d572aa80_0;
    %cmpi/u 30, 0, 7;
    %flag_or 5, 4; GT is !LE
    %flag_inv 5;
    %jmp/0xz  T_1.0, 5;
    %pushi/vec4 0, 0, 7;
    %assign/vec4 v00000278d572aa80_0, 0;
    %jmp T_1.1;
T_1.0 ;
    %load/vec4 v00000278d572aa80_0;
    %addi 1, 0, 7;
    %assign/vec4 v00000278d572aa80_0, 0;
T_1.1 ;
    %jmp T_1;
    .thread T_1;
    .scope S_00000278d56cc740;
T_2 ;
    %wait E_00000278d56deec0;
    %load/vec4 v00000278d5752380_0;
    %flag_set/vec4 8;
    %jmp/0xz  T_2.0, 8;
    %load/vec4 v00000278d572ad00_0;
    %dup/vec4;
    %pushi/vec4 0, 0, 4;
    %cmp/u;
    %jmp/1 T_2.2, 6;
    %dup/vec4;
    %pushi/vec4 1, 0, 4;
    %cmp/u;
    %jmp/1 T_2.3, 6;
    %dup/vec4;
    %pushi/vec4 2, 0, 4;
    %cmp/u;
    %jmp/1 T_2.4, 6;
    %dup/vec4;
    %pushi/vec4 7, 0, 4;
    %cmp/u;
    %jmp/1 T_2.5, 6;
    %dup/vec4;
    %pushi/vec4 3, 0, 4;
    %cmp/u;
    %jmp/1 T_2.6, 6;
    %dup/vec4;
    %pushi/vec4 4, 0, 4;
    %cmp/u;
    %jmp/1 T_2.7, 6;
    %dup/vec4;
    %pushi/vec4 5, 0, 4;
    %cmp/u;
    %jmp/1 T_2.8, 6;
    %dup/vec4;
    %pushi/vec4 10, 0, 4;
    %cmp/u;
    %jmp/1 T_2.9, 6;
    %dup/vec4;
    %pushi/vec4 6, 0, 4;
    %cmp/u;
    %jmp/1 T_2.10, 6;
    %dup/vec4;
    %pushi/vec4 9, 0, 4;
    %cmp/u;
    %jmp/1 T_2.11, 6;
    %dup/vec4;
    %pushi/vec4 8, 0, 4;
    %cmp/u;
    %jmp/1 T_2.12, 6;
    %jmp T_2.13;
T_2.2 ;
    %pushi/vec4 1, 0, 1;
    %assign/vec4 v00000278d5729ea0_0, 0;
    %pushi/vec4 1, 0, 1;
    %assign/vec4 v00000278d572a6c0_0, 0;
    %pushi/vec4 8, 0, 5;
    %assign/vec4 v00000278d57521a0_0, 0;
    %pushi/vec4 0, 0, 2;
    %assign/vec4 v00000278d5752d80_0, 0;
    %pushi/vec4 1, 0, 4;
    %assign/vec4 v00000278d572ad00_0, 0;
    %jmp T_2.13;
T_2.3 ;
    %load/vec4 v00000278d5752d80_0;
    %dup/vec4;
    %pushi/vec4 0, 0, 2;
    %cmp/u;
    %jmp/1 T_2.14, 6;
    %dup/vec4;
    %pushi/vec4 1, 0, 2;
    %cmp/u;
    %jmp/1 T_2.15, 6;
    %dup/vec4;
    %pushi/vec4 2, 0, 2;
    %cmp/u;
    %jmp/1 T_2.16, 6;
    %dup/vec4;
    %pushi/vec4 3, 0, 2;
    %cmp/u;
    %jmp/1 T_2.17, 6;
    %jmp T_2.18;
T_2.14 ;
    %pushi/vec4 0, 0, 1;
    %assign/vec4 v00000278d572a6c0_0, 0;
    %pushi/vec4 8, 0, 5;
    %assign/vec4 v00000278d57521a0_0, 0;
    %pushi/vec4 1, 0, 2;
    %assign/vec4 v00000278d5752d80_0, 0;
    %jmp T_2.18;
T_2.15 ;
    %pushi/vec4 2, 0, 2;
    %assign/vec4 v00000278d5752d80_0, 0;
    %jmp T_2.18;
T_2.16 ;
    %pushi/vec4 0, 0, 1;
    %assign/vec4 v00000278d5729ea0_0, 0;
    %pushi/vec4 3, 0, 2;
    %assign/vec4 v00000278d5752d80_0, 0;
    %jmp T_2.18;
T_2.17 ;
    %load/vec4 v00000278d5752ce0_0;
    %load/vec4 v00000278d5752600_0;
    %concat/vec4; draw_concat_vec4
    %assign/vec4 v00000278d5752c40_0, 0;
    %load/vec4 v00000278d5752920_0;
    %assign/vec4 v00000278d5752060_0, 0;
    %load/vec4 v00000278d5752100_0;
    %assign/vec4 v00000278d5752f60_0, 0;
    %pushi/vec4 0, 0, 2;
    %assign/vec4 v00000278d5752d80_0, 0;
    %pushi/vec4 2, 0, 4;
    %assign/vec4 v00000278d572ad00_0, 0;
    %jmp T_2.18;
T_2.18 ;
    %pop/vec4 1;
    %jmp T_2.13;
T_2.4 ;
    %load/vec4 v00000278d5752d80_0;
    %dup/vec4;
    %pushi/vec4 0, 0, 2;
    %cmp/u;
    %jmp/1 T_2.19, 6;
    %dup/vec4;
    %pushi/vec4 1, 0, 2;
    %cmp/u;
    %jmp/1 T_2.20, 6;
    %dup/vec4;
    %pushi/vec4 2, 0, 2;
    %cmp/u;
    %jmp/1 T_2.21, 6;
    %dup/vec4;
    %pushi/vec4 3, 0, 2;
    %cmp/u;
    %jmp/1 T_2.22, 6;
    %jmp T_2.23;
T_2.19 ;
    %load/vec4 v00000278d5752c40_0;
    %load/vec4 v00000278d57521a0_0;
    %subi 1, 0, 5;
    %part/u 1;
    %assign/vec4 v00000278d572a6c0_0, 0;
    %pushi/vec4 1, 0, 2;
    %assign/vec4 v00000278d5752d80_0, 0;
    %jmp T_2.23;
T_2.20 ;
    %pushi/vec4 1, 0, 1;
    %assign/vec4 v00000278d5729ea0_0, 0;
    %pushi/vec4 2, 0, 2;
    %assign/vec4 v00000278d5752d80_0, 0;
    %jmp T_2.23;
T_2.21 ;
    %pushi/vec4 0, 0, 1;
    %assign/vec4 v00000278d5729ea0_0, 0;
    %load/vec4 v00000278d57521a0_0;
    %subi 1, 0, 5;
    %assign/vec4 v00000278d57521a0_0, 0;
    %pushi/vec4 3, 0, 2;
    %assign/vec4 v00000278d5752d80_0, 0;
    %jmp T_2.23;
T_2.22 ;
    %load/vec4 v00000278d57521a0_0;
    %pad/u 32;
    %cmpi/e 0, 0, 32;
    %jmp/0xz  T_2.24, 4;
    %load/vec4 v00000278d572a6c0_0;
    %dup/vec4;
    %pushi/vec4 0, 0, 1;
    %cmp/u;
    %jmp/1 T_2.26, 6;
    %dup/vec4;
    %pushi/vec4 1, 0, 1;
    %cmp/u;
    %jmp/1 T_2.27, 6;
    %jmp T_2.28;
T_2.26 ;
    %pushi/vec4 8, 0, 5;
    %assign/vec4 v00000278d57521a0_0, 0;
    %pushi/vec4 0, 0, 2;
    %assign/vec4 v00000278d5752d80_0, 0;
    %pushi/vec4 7, 0, 4;
    %assign/vec4 v00000278d572ad00_0, 0;
    %pushi/vec4 3, 0, 4;
    %assign/vec4 v00000278d5752a60_0, 0;
    %jmp T_2.28;
T_2.27 ;
    %pushi/vec4 16, 0, 5;
    %assign/vec4 v00000278d57521a0_0, 0;
    %pushi/vec4 0, 0, 2;
    %assign/vec4 v00000278d5752d80_0, 0;
    %pushi/vec4 7, 0, 4;
    %assign/vec4 v00000278d572ad00_0, 0;
    %pushi/vec4 5, 0, 4;
    %assign/vec4 v00000278d5752a60_0, 0;
    %jmp T_2.28;
T_2.28 ;
    %pop/vec4 1;
    %jmp T_2.25;
T_2.24 ;
    %pushi/vec4 0, 0, 2;
    %assign/vec4 v00000278d5752d80_0, 0;
T_2.25 ;
    %jmp T_2.23;
T_2.23 ;
    %pop/vec4 1;
    %jmp T_2.13;
T_2.5 ;
    %load/vec4 v00000278d5752d80_0;
    %dup/vec4;
    %pushi/vec4 0, 0, 2;
    %cmp/u;
    %jmp/1 T_2.29, 6;
    %dup/vec4;
    %pushi/vec4 1, 0, 2;
    %cmp/u;
    %jmp/1 T_2.30, 6;
    %dup/vec4;
    %pushi/vec4 2, 0, 2;
    %cmp/u;
    %jmp/1 T_2.31, 6;
    %dup/vec4;
    %pushi/vec4 3, 0, 2;
    %cmp/u;
    %jmp/1 T_2.32, 6;
    %jmp T_2.33;
T_2.29 ;
    %pushi/vec4 1, 0, 2;
    %assign/vec4 v00000278d5752d80_0, 0;
    %jmp T_2.33;
T_2.30 ;
    %pushi/vec4 1, 0, 1;
    %assign/vec4 v00000278d5729ea0_0, 0;
    %load/vec4 v00000278d5729180_0;
    %pad/u 32;
    %cmpi/e 1, 0, 32;
    %jmp/0xz  T_2.34, 4;
    %pushi/vec4 0, 0, 1;
    %assign/vec4 v00000278d57526a0_0, 0;
    %pushi/vec4 2, 0, 2;
    %assign/vec4 v00000278d5752d80_0, 0;
    %jmp T_2.35;
T_2.34 ;
    %load/vec4 v00000278d5729180_0;
    %pad/u 32;
    %cmpi/e 0, 0, 32;
    %jmp/0xz  T_2.36, 4;
    %pushi/vec4 1, 0, 1;
    %assign/vec4 v00000278d57526a0_0, 0;
    %pushi/vec4 2, 0, 2;
    %assign/vec4 v00000278d5752d80_0, 0;
T_2.36 ;
T_2.35 ;
    %jmp T_2.33;
T_2.31 ;
    %pushi/vec4 0, 0, 1;
    %assign/vec4 v00000278d5729ea0_0, 0;
    %pushi/vec4 3, 0, 2;
    %assign/vec4 v00000278d5752d80_0, 0;
    %jmp T_2.33;
T_2.32 ;
    %load/vec4 v00000278d57526a0_0;
    %flag_set/vec4 8;
    %jmp/1 T_2.40, 8;
    %pushi/vec4 1, 0, 1;
    %flag_set/vec4 9;
    %flag_or 8, 9;
T_2.40;
    %jmp/0xz  T_2.38, 8;
    %pushi/vec4 0, 0, 1;
    %assign/vec4 v00000278d57526a0_0, 0;
    %pushi/vec4 0, 0, 2;
    %assign/vec4 v00000278d5752d80_0, 0;
    %pushi/vec4 9, 0, 4;
    %assign/vec4 v00000278d572ad00_0, 0;
    %jmp T_2.39;
T_2.38 ;
    %pushi/vec4 0, 0, 2;
    %assign/vec4 v00000278d5752d80_0, 0;
    %pushi/vec4 8, 0, 4;
    %assign/vec4 v00000278d572ad00_0, 0;
T_2.39 ;
    %jmp T_2.33;
T_2.33 ;
    %pop/vec4 1;
    %jmp T_2.13;
T_2.6 ;
    %load/vec4 v00000278d5752d80_0;
    %dup/vec4;
    %pushi/vec4 0, 0, 2;
    %cmp/u;
    %jmp/1 T_2.41, 6;
    %dup/vec4;
    %pushi/vec4 1, 0, 2;
    %cmp/u;
    %jmp/1 T_2.42, 6;
    %dup/vec4;
    %pushi/vec4 2, 0, 2;
    %cmp/u;
    %jmp/1 T_2.43, 6;
    %dup/vec4;
    %pushi/vec4 3, 0, 2;
    %cmp/u;
    %jmp/1 T_2.44, 6;
    %jmp T_2.45;
T_2.41 ;
    %load/vec4 v00000278d5752060_0;
    %load/vec4 v00000278d57521a0_0;
    %subi 1, 0, 5;
    %part/u 1;
    %assign/vec4 v00000278d572a6c0_0, 0;
    %pushi/vec4 1, 0, 2;
    %assign/vec4 v00000278d5752d80_0, 0;
    %jmp T_2.45;
T_2.42 ;
    %pushi/vec4 1, 0, 1;
    %assign/vec4 v00000278d5729ea0_0, 0;
    %pushi/vec4 2, 0, 2;
    %assign/vec4 v00000278d5752d80_0, 0;
    %jmp T_2.45;
T_2.43 ;
    %pushi/vec4 0, 0, 1;
    %assign/vec4 v00000278d5729ea0_0, 0;
    %load/vec4 v00000278d57521a0_0;
    %subi 1, 0, 5;
    %assign/vec4 v00000278d57521a0_0, 0;
    %pushi/vec4 3, 0, 2;
    %assign/vec4 v00000278d5752d80_0, 0;
    %jmp T_2.45;
T_2.44 ;
    %load/vec4 v00000278d57521a0_0;
    %pad/u 32;
    %cmpi/e 0, 0, 32;
    %jmp/0xz  T_2.46, 4;
    %pushi/vec4 8, 0, 5;
    %assign/vec4 v00000278d57521a0_0, 0;
    %pushi/vec4 0, 0, 2;
    %assign/vec4 v00000278d5752d80_0, 0;
    %load/vec4 v00000278d5752560_0;
    %flag_set/vec4 8;
    %jmp/0xz  T_2.48, 8;
    %pushi/vec4 1, 0, 1;
    %assign/vec4 v00000278d5729a40_0, 0;
    %pushi/vec4 8, 0, 4;
    %assign/vec4 v00000278d5752a60_0, 0;
    %pushi/vec4 6, 0, 4;
    %assign/vec4 v00000278d572ad00_0, 0;
    %jmp T_2.49;
T_2.48 ;
    %pushi/vec4 4, 0, 4;
    %assign/vec4 v00000278d5752a60_0, 0;
    %pushi/vec4 6, 0, 4;
    %assign/vec4 v00000278d572ad00_0, 0;
T_2.49 ;
    %jmp T_2.47;
T_2.46 ;
    %pushi/vec4 0, 0, 2;
    %assign/vec4 v00000278d5752d80_0, 0;
T_2.47 ;
    %jmp T_2.45;
T_2.45 ;
    %pop/vec4 1;
    %jmp T_2.13;
T_2.7 ;
    %load/vec4 v00000278d5752d80_0;
    %dup/vec4;
    %pushi/vec4 0, 0, 2;
    %cmp/u;
    %jmp/1 T_2.50, 6;
    %dup/vec4;
    %pushi/vec4 1, 0, 2;
    %cmp/u;
    %jmp/1 T_2.51, 6;
    %dup/vec4;
    %pushi/vec4 2, 0, 2;
    %cmp/u;
    %jmp/1 T_2.52, 6;
    %dup/vec4;
    %pushi/vec4 3, 0, 2;
    %cmp/u;
    %jmp/1 T_2.53, 6;
    %jmp T_2.54;
T_2.50 ;
    %load/vec4 v00000278d5752f60_0;
    %load/vec4 v00000278d57521a0_0;
    %subi 1, 0, 5;
    %part/u 1;
    %assign/vec4 v00000278d572a6c0_0, 0;
    %pushi/vec4 1, 0, 2;
    %assign/vec4 v00000278d5752d80_0, 0;
    %jmp T_2.54;
T_2.51 ;
    %pushi/vec4 1, 0, 1;
    %assign/vec4 v00000278d5729ea0_0, 0;
    %pushi/vec4 2, 0, 2;
    %assign/vec4 v00000278d5752d80_0, 0;
    %jmp T_2.54;
T_2.52 ;
    %pushi/vec4 0, 0, 1;
    %assign/vec4 v00000278d5729ea0_0, 0;
    %load/vec4 v00000278d57521a0_0;
    %subi 1, 0, 5;
    %assign/vec4 v00000278d57521a0_0, 0;
    %pushi/vec4 3, 0, 2;
    %assign/vec4 v00000278d5752d80_0, 0;
    %jmp T_2.54;
T_2.53 ;
    %load/vec4 v00000278d57521a0_0;
    %pad/u 32;
    %cmpi/e 0, 0, 32;
    %jmp/0xz  T_2.55, 4;
    %pushi/vec4 1, 0, 1;
    %assign/vec4 v00000278d5729a40_0, 0;
    %pushi/vec4 8, 0, 5;
    %assign/vec4 v00000278d57521a0_0, 0;
    %pushi/vec4 0, 0, 2;
    %assign/vec4 v00000278d5752d80_0, 0;
    %load/vec4 v00000278d57527e0_0;
    %dup/vec4;
    %pushi/vec4 0, 0, 1;
    %cmp/u;
    %jmp/1 T_2.57, 6;
    %dup/vec4;
    %pushi/vec4 1, 0, 1;
    %cmp/u;
    %jmp/1 T_2.58, 6;
    %jmp T_2.59;
T_2.57 ;
    %pushi/vec4 8, 0, 4;
    %assign/vec4 v00000278d5752a60_0, 0;
    %pushi/vec4 6, 0, 4;
    %assign/vec4 v00000278d572ad00_0, 0;
    %jmp T_2.59;
T_2.58 ;
    %pushi/vec4 4, 0, 4;
    %assign/vec4 v00000278d5752a60_0, 0;
    %pushi/vec4 6, 0, 4;
    %assign/vec4 v00000278d572ad00_0, 0;
    %jmp T_2.59;
T_2.59 ;
    %pop/vec4 1;
    %jmp T_2.56;
T_2.55 ;
    %pushi/vec4 0, 0, 2;
    %assign/vec4 v00000278d5752d80_0, 0;
T_2.56 ;
    %jmp T_2.54;
T_2.54 ;
    %pop/vec4 1;
    %jmp T_2.13;
T_2.8 ;
    %load/vec4 v00000278d5752d80_0;
    %dup/vec4;
    %pushi/vec4 0, 0, 2;
    %cmp/u;
    %jmp/1 T_2.60, 6;
    %dup/vec4;
    %pushi/vec4 1, 0, 2;
    %cmp/u;
    %jmp/1 T_2.61, 6;
    %dup/vec4;
    %pushi/vec4 2, 0, 2;
    %cmp/u;
    %jmp/1 T_2.62, 6;
    %dup/vec4;
    %pushi/vec4 3, 0, 2;
    %cmp/u;
    %jmp/1 T_2.63, 6;
    %jmp T_2.64;
T_2.60 ;
    %pushi/vec4 1, 0, 2;
    %assign/vec4 v00000278d5752d80_0, 0;
    %jmp T_2.64;
T_2.61 ;
    %pushi/vec4 1, 0, 1;
    %assign/vec4 v00000278d5729ea0_0, 0;
    %load/vec4 v00000278d5729180_0;
    %ix/load 5, 0, 0;
    %load/vec4 v00000278d57521a0_0;
    %subi 1, 0, 5;
    %ix/vec4 4;
    %assign/vec4/off/d v00000278d5752b00_0, 4, 5;
    %pushi/vec4 2, 0, 2;
    %assign/vec4 v00000278d5752d80_0, 0;
    %jmp T_2.64;
T_2.62 ;
    %pushi/vec4 0, 0, 1;
    %assign/vec4 v00000278d5729ea0_0, 0;
    %pushi/vec4 3, 0, 2;
    %assign/vec4 v00000278d5752d80_0, 0;
    %load/vec4 v00000278d57521a0_0;
    %subi 1, 0, 5;
    %assign/vec4 v00000278d57521a0_0, 0;
    %jmp T_2.64;
T_2.63 ;
    %load/vec4 v00000278d57521a0_0;
    %pad/u 32;
    %cmpi/e 8, 0, 32;
    %jmp/0xz  T_2.65, 4;
    %pushi/vec4 0, 0, 2;
    %assign/vec4 v00000278d5752d80_0, 0;
    %pushi/vec4 10, 0, 4;
    %assign/vec4 v00000278d572ad00_0, 0;
    %pushi/vec4 9, 0, 4;
    %assign/vec4 v00000278d5752a60_0, 0;
    %jmp T_2.66;
T_2.65 ;
    %load/vec4 v00000278d57521a0_0;
    %pad/u 32;
    %cmpi/e 0, 0, 32;
    %jmp/0xz  T_2.67, 4;
    %pushi/vec4 0, 0, 2;
    %assign/vec4 v00000278d5752d80_0, 0;
    %load/vec4 v00000278d5752e20_0;
    %pad/u 32;
    %cmpi/ne 9, 0, 32;
    %jmp/0xz  T_2.69, 4;
    %load/vec4 v00000278d5752b00_0;
    %cmpi/e 49536, 0, 16;
    %jmp/0xz  T_2.71, 4;
    %pushi/vec4 1, 0, 1;
    %store/vec4 v00000278d5752ec0_0, 0, 1;
    %jmp T_2.72;
T_2.71 ;
    %pushi/vec4 0, 0, 1;
    %store/vec4 v00000278d5752ec0_0, 0, 1;
T_2.72 ;
    %jmp T_2.70;
T_2.69 ;
    %load/vec4 v00000278d5752b00_0;
    %store/vec4 v00000278d5752880_0, 0, 16;
    %pushi/vec4 1, 0, 1;
    %store/vec4 v00000278d5752ec0_0, 0, 1;
T_2.70 ;
    %pushi/vec4 8, 0, 4;
    %assign/vec4 v00000278d5752a60_0, 0;
    %pushi/vec4 10, 0, 4;
    %assign/vec4 v00000278d572ad00_0, 0;
    %jmp T_2.68;
T_2.67 ;
    %pushi/vec4 0, 0, 2;
    %assign/vec4 v00000278d5752d80_0, 0;
T_2.68 ;
T_2.66 ;
    %jmp T_2.64;
T_2.64 ;
    %pop/vec4 1;
    %jmp T_2.13;
T_2.9 ;
    %load/vec4 v00000278d5752d80_0;
    %dup/vec4;
    %pushi/vec4 0, 0, 2;
    %cmp/u;
    %jmp/1 T_2.73, 6;
    %dup/vec4;
    %pushi/vec4 1, 0, 2;
    %cmp/u;
    %jmp/1 T_2.74, 6;
    %dup/vec4;
    %pushi/vec4 2, 0, 2;
    %cmp/u;
    %jmp/1 T_2.75, 6;
    %dup/vec4;
    %pushi/vec4 3, 0, 2;
    %cmp/u;
    %jmp/1 T_2.76, 6;
    %jmp T_2.77;
T_2.73 ;
    %load/vec4 v00000278d5752ec0_0;
    %pad/u 32;
    %cmpi/e 0, 0, 32;
    %flag_get/vec4 4;
    %jmp/0 T_2.80, 4;
    %load/vec4 v00000278d57521a0_0;
    %pad/u 32;
    %pushi/vec4 0, 0, 32;
    %cmp/e;
    %flag_get/vec4 4;
    %and;
T_2.80;
    %flag_set/vec4 8;
    %jmp/0xz  T_2.78, 8;
    %pushi/vec4 1, 0, 1;
    %store/vec4 v00000278d572a6c0_0, 0, 1;
    %jmp T_2.79;
T_2.78 ;
    %pushi/vec4 0, 0, 1;
    %store/vec4 v00000278d572a6c0_0, 0, 1;
T_2.79 ;
    %pushi/vec4 1, 0, 2;
    %assign/vec4 v00000278d5752d80_0, 0;
    %jmp T_2.77;
T_2.74 ;
    %pushi/vec4 1, 0, 1;
    %assign/vec4 v00000278d5729ea0_0, 0;
    %pushi/vec4 2, 0, 2;
    %assign/vec4 v00000278d5752d80_0, 0;
    %jmp T_2.77;
T_2.75 ;
    %pushi/vec4 0, 0, 1;
    %assign/vec4 v00000278d5729ea0_0, 0;
    %pushi/vec4 3, 0, 2;
    %assign/vec4 v00000278d5752d80_0, 0;
    %jmp T_2.77;
T_2.76 ;
    %load/vec4 v00000278d57521a0_0;
    %pad/u 32;
    %cmpi/e 8, 0, 32;
    %jmp/0xz  T_2.81, 4;
    %load/vec4 v00000278d5752a60_0;
    %assign/vec4 v00000278d572ad00_0, 0;
    %pushi/vec4 5, 0, 4;
    %assign/vec4 v00000278d5752a60_0, 0;
    %jmp T_2.82;
T_2.81 ;
    %load/vec4 v00000278d5752a60_0;
    %assign/vec4 v00000278d572ad00_0, 0;
    %pushi/vec4 8, 0, 5;
    %assign/vec4 v00000278d57521a0_0, 0;
    %load/vec4 v00000278d5752ec0_0;
    %dup/vec4;
    %pushi/vec4 0, 0, 1;
    %cmp/u;
    %jmp/1 T_2.83, 6;
    %dup/vec4;
    %pushi/vec4 1, 0, 1;
    %cmp/u;
    %jmp/1 T_2.84, 6;
    %jmp T_2.85;
T_2.83 ;
    %load/vec4 v00000278d5752e20_0;
    %subi 1, 0, 10;
    %assign/vec4 v00000278d5752e20_0, 0;
    %jmp T_2.85;
T_2.84 ;
    %pushi/vec4 0, 0, 1;
    %assign/vec4 v00000278d5752ec0_0, 0;
    %load/vec4 v00000278d5752e20_0;
    %pad/u 32;
    %cmpi/e 9, 0, 32;
    %jmp/0xz  T_2.86, 4;
    %pushi/vec4 0, 0, 10;
    %assign/vec4 v00000278d5752e20_0, 0;
    %jmp T_2.87;
T_2.86 ;
    %load/vec4 v00000278d5752e20_0;
    %addi 1, 0, 10;
    %assign/vec4 v00000278d5752e20_0, 0;
T_2.87 ;
    %jmp T_2.85;
T_2.85 ;
    %pop/vec4 1;
T_2.82 ;
    %pushi/vec4 0, 0, 2;
    %assign/vec4 v00000278d5752d80_0, 0;
    %jmp T_2.77;
T_2.77 ;
    %pop/vec4 1;
    %jmp T_2.13;
T_2.10 ;
    %load/vec4 v00000278d5752d80_0;
    %dup/vec4;
    %pushi/vec4 0, 0, 2;
    %cmp/u;
    %jmp/1 T_2.88, 6;
    %dup/vec4;
    %pushi/vec4 1, 0, 2;
    %cmp/u;
    %jmp/1 T_2.89, 6;
    %dup/vec4;
    %pushi/vec4 2, 0, 2;
    %cmp/u;
    %jmp/1 T_2.90, 6;
    %dup/vec4;
    %pushi/vec4 3, 0, 2;
    %cmp/u;
    %jmp/1 T_2.91, 6;
    %jmp T_2.92;
T_2.88 ;
    %pushi/vec4 1, 0, 2;
    %assign/vec4 v00000278d5752d80_0, 0;
    %jmp T_2.92;
T_2.89 ;
    %pushi/vec4 1, 0, 1;
    %assign/vec4 v00000278d5729ea0_0, 0;
    %load/vec4 v00000278d5729180_0;
    %pad/u 32;
    %cmpi/e 1, 0, 32;
    %jmp/0xz  T_2.93, 4;
    %pushi/vec4 0, 0, 1;
    %assign/vec4 v00000278d57526a0_0, 0;
    %pushi/vec4 2, 0, 2;
    %assign/vec4 v00000278d5752d80_0, 0;
    %load/vec4 v00000278d5729a40_0;
    %flag_set/vec4 8;
    %jmp/0xz  T_2.95, 8;
    %load/vec4 v00000278d5752e20_0;
    %pad/u 32;
    %cmpi/e 9, 0, 32;
    %jmp/0xz  T_2.97, 4;
    %pushi/vec4 0, 0, 1;
    %assign/vec4 v00000278d5729a40_0, 0;
    %pushi/vec4 0, 0, 10;
    %assign/vec4 v00000278d5752e20_0, 0;
    %jmp T_2.98;
T_2.97 ;
    %pushi/vec4 0, 0, 1;
    %assign/vec4 v00000278d5729a40_0, 0;
    %load/vec4 v00000278d5752e20_0;
    %addi 1, 0, 10;
    %assign/vec4 v00000278d5752e20_0, 0;
T_2.98 ;
T_2.95 ;
    %jmp T_2.94;
T_2.93 ;
    %load/vec4 v00000278d5729180_0;
    %pad/u 32;
    %cmpi/e 0, 0, 32;
    %jmp/0xz  T_2.99, 4;
    %pushi/vec4 1, 0, 1;
    %assign/vec4 v00000278d57526a0_0, 0;
    %pushi/vec4 2, 0, 2;
    %assign/vec4 v00000278d5752d80_0, 0;
    %load/vec4 v00000278d5729a40_0;
    %flag_set/vec4 8;
    %jmp/0xz  T_2.101, 8;
    %load/vec4 v00000278d5752e20_0;
    %pad/u 32;
    %cmpi/e 9, 0, 32;
    %jmp/0xz  T_2.103, 4;
    %pushi/vec4 0, 0, 1;
    %assign/vec4 v00000278d5729a40_0, 0;
    %pushi/vec4 0, 0, 10;
    %assign/vec4 v00000278d5752e20_0, 0;
    %jmp T_2.104;
T_2.103 ;
    %pushi/vec4 0, 0, 1;
    %assign/vec4 v00000278d5729a40_0, 0;
    %load/vec4 v00000278d5752e20_0;
    %addi 1, 0, 10;
    %assign/vec4 v00000278d5752e20_0, 0;
T_2.104 ;
T_2.101 ;
T_2.99 ;
T_2.94 ;
    %jmp T_2.92;
T_2.90 ;
    %pushi/vec4 0, 0, 1;
    %assign/vec4 v00000278d5729ea0_0, 0;
    %pushi/vec4 3, 0, 2;
    %assign/vec4 v00000278d5752d80_0, 0;
    %jmp T_2.92;
T_2.91 ;
    %load/vec4 v00000278d57526a0_0;
    %flag_set/vec4 8;
    %jmp/1 T_2.107, 8;
    %pushi/vec4 1, 0, 1;
    %flag_set/vec4 9;
    %flag_or 8, 9;
T_2.107;
    %jmp/0xz  T_2.105, 8;
    %pushi/vec4 0, 0, 1;
    %assign/vec4 v00000278d57526a0_0, 0;
    %pushi/vec4 0, 0, 2;
    %assign/vec4 v00000278d5752d80_0, 0;
    %pushi/vec4 9, 0, 4;
    %assign/vec4 v00000278d572ad00_0, 0;
    %load/vec4 v00000278d5752ce0_0;
    %load/vec4 v00000278d5752600_0;
    %concat/vec4; draw_concat_vec4
    %assign/vec4 v00000278d5752c40_0, 0;
    %load/vec4 v00000278d5752920_0;
    %assign/vec4 v00000278d5752060_0, 0;
    %load/vec4 v00000278d5752100_0;
    %assign/vec4 v00000278d5752f60_0, 0;
    %jmp T_2.106;
T_2.105 ;
    %pushi/vec4 0, 0, 2;
    %assign/vec4 v00000278d5752d80_0, 0;
    %pushi/vec4 8, 0, 4;
    %assign/vec4 v00000278d5752a60_0, 0;
    %pushi/vec4 9, 0, 4;
    %assign/vec4 v00000278d572ad00_0, 0;
T_2.106 ;
    %jmp T_2.92;
T_2.92 ;
    %pop/vec4 1;
    %jmp T_2.13;
T_2.11 ;
    %load/vec4 v00000278d5752d80_0;
    %dup/vec4;
    %pushi/vec4 0, 0, 2;
    %cmp/u;
    %jmp/1 T_2.108, 6;
    %dup/vec4;
    %pushi/vec4 1, 0, 2;
    %cmp/u;
    %jmp/1 T_2.109, 6;
    %dup/vec4;
    %pushi/vec4 2, 0, 2;
    %cmp/u;
    %jmp/1 T_2.110, 6;
    %dup/vec4;
    %pushi/vec4 3, 0, 2;
    %cmp/u;
    %jmp/1 T_2.111, 6;
    %jmp T_2.112;
T_2.108 ;
    %pushi/vec4 0, 0, 1;
    %assign/vec4 v00000278d5729ea0_0, 0;
    %pushi/vec4 0, 0, 1;
    %assign/vec4 v00000278d572a6c0_0, 0;
    %pushi/vec4 1, 0, 2;
    %assign/vec4 v00000278d5752d80_0, 0;
    %jmp T_2.112;
T_2.109 ;
    %pushi/vec4 2, 0, 2;
    %assign/vec4 v00000278d5752d80_0, 0;
    %jmp T_2.112;
T_2.110 ;
    %pushi/vec4 3, 0, 2;
    %assign/vec4 v00000278d5752d80_0, 0;
    %jmp T_2.112;
T_2.111 ;
    %pushi/vec4 0, 0, 2;
    %assign/vec4 v00000278d5752d80_0, 0;
    %load/vec4 v00000278d5752a60_0;
    %assign/vec4 v00000278d572ad00_0, 0;
    %jmp T_2.112;
T_2.112 ;
    %pop/vec4 1;
    %jmp T_2.13;
T_2.12 ;
    %load/vec4 v00000278d5752d80_0;
    %dup/vec4;
    %pushi/vec4 0, 0, 2;
    %cmp/u;
    %jmp/1 T_2.113, 6;
    %dup/vec4;
    %pushi/vec4 1, 0, 2;
    %cmp/u;
    %jmp/1 T_2.114, 6;
    %dup/vec4;
    %pushi/vec4 2, 0, 2;
    %cmp/u;
    %jmp/1 T_2.115, 6;
    %dup/vec4;
    %pushi/vec4 3, 0, 2;
    %cmp/u;
    %jmp/1 T_2.116, 6;
    %jmp T_2.117;
T_2.113 ;
    %pushi/vec4 1, 0, 1;
    %assign/vec4 v00000278d5729ea0_0, 0;
    %pushi/vec4 1, 0, 2;
    %assign/vec4 v00000278d5752d80_0, 0;
    %jmp T_2.117;
T_2.114 ;
    %load/vec4 v00000278d572a620_0;
    %pad/u 32;
    %cmpi/e 1, 0, 32;
    %jmp/0xz  T_2.118, 4;
    %pushi/vec4 2, 0, 2;
    %assign/vec4 v00000278d5752d80_0, 0;
    %jmp T_2.119;
T_2.118 ;
    %pushi/vec4 1, 0, 2;
    %assign/vec4 v00000278d5752d80_0, 0;
T_2.119 ;
    %jmp T_2.117;
T_2.115 ;
    %pushi/vec4 1, 0, 1;
    %assign/vec4 v00000278d572a6c0_0, 0;
    %pushi/vec4 3, 0, 2;
    %assign/vec4 v00000278d5752d80_0, 0;
    %jmp T_2.117;
T_2.116 ;
    %pushi/vec4 0, 0, 2;
    %assign/vec4 v00000278d5752d80_0, 0;
    %pushi/vec4 0, 0, 4;
    %assign/vec4 v00000278d572ad00_0, 0;
    %jmp T_2.117;
T_2.117 ;
    %pop/vec4 1;
    %jmp T_2.13;
T_2.13 ;
    %pop/vec4 1;
T_2.0 ;
    %jmp T_2;
    .thread T_2;
    .scope S_00000278d56d08a0;
T_3 ;
    %pushi/vec4 0, 0, 5;
    %store/vec4 v00000278d572a8a0_0, 0, 5;
    %end;
    .thread T_3;
    .scope S_00000278d56d08a0;
T_4 ;
    %pushi/vec4 72, 0, 7;
    %store/vec4 v00000278d572a800_0, 0, 7;
    %pushi/vec4 0, 0, 1;
    %store/vec4 v00000278d572ada0_0, 0, 1;
    %pushi/vec4 1, 0, 8;
    %store/vec4 v00000278d57292c0_0, 0, 8;
    %pushi/vec4 193, 0, 8;
    %store/vec4 v00000278d57290e0_0, 0, 8;
    %pushi/vec4 1, 0, 1;
    %store/vec4 v00000278d57297c0_0, 0, 1;
    %pushi/vec4 0, 0, 1;
    %store/vec4 v00000278d572a940_0, 0, 1;
    %end;
    .thread T_4;
    .scope S_00000278d56d08a0;
T_5 ;
    %wait E_00000278d56deec0;
    %load/vec4 v00000278d572a9e0_0;
    %cmpi/e 6, 0, 4;
    %jmp/1 T_5.2, 4;
    %flag_mov 8, 4;
    %load/vec4 v00000278d572a9e0_0;
    %cmpi/e 8, 0, 4;
    %flag_or 4, 8;
T_5.2;
    %jmp/0xz  T_5.0, 4;
    %load/vec4 v00000278d5729b80_0;
    %dup/vec4;
    %pushi/vec4 0, 0, 10;
    %cmp/u;
    %jmp/1 T_5.3, 6;
    %dup/vec4;
    %pushi/vec4 1, 0, 10;
    %cmp/u;
    %jmp/1 T_5.4, 6;
    %dup/vec4;
    %pushi/vec4 2, 0, 10;
    %cmp/u;
    %jmp/1 T_5.5, 6;
    %dup/vec4;
    %pushi/vec4 3, 0, 10;
    %cmp/u;
    %jmp/1 T_5.6, 6;
    %dup/vec4;
    %pushi/vec4 4, 0, 10;
    %cmp/u;
    %jmp/1 T_5.7, 6;
    %dup/vec4;
    %pushi/vec4 5, 0, 10;
    %cmp/u;
    %jmp/1 T_5.8, 6;
    %dup/vec4;
    %pushi/vec4 6, 0, 10;
    %cmp/u;
    %jmp/1 T_5.9, 6;
    %dup/vec4;
    %pushi/vec4 7, 0, 10;
    %cmp/u;
    %jmp/1 T_5.10, 6;
    %dup/vec4;
    %pushi/vec4 8, 0, 10;
    %cmp/u;
    %jmp/1 T_5.11, 6;
    %dup/vec4;
    %pushi/vec4 9, 0, 10;
    %cmp/u;
    %jmp/1 T_5.12, 6;
    %jmp T_5.13;
T_5.3 ;
    %pushi/vec4 72, 0, 7;
    %store/vec4 v00000278d572a800_0, 0, 7;
    %pushi/vec4 0, 0, 1;
    %store/vec4 v00000278d572ada0_0, 0, 1;
    %pushi/vec4 1, 0, 8;
    %store/vec4 v00000278d57292c0_0, 0, 8;
    %pushi/vec4 193, 0, 8;
    %store/vec4 v00000278d57290e0_0, 0, 8;
    %pushi/vec4 1, 0, 1;
    %store/vec4 v00000278d57297c0_0, 0, 1;
    %pushi/vec4 0, 0, 1;
    %store/vec4 v00000278d572a940_0, 0, 1;
    %jmp T_5.13;
T_5.4 ;
    %pushi/vec4 72, 0, 7;
    %store/vec4 v00000278d572a800_0, 0, 7;
    %pushi/vec4 0, 0, 1;
    %store/vec4 v00000278d572ada0_0, 0, 1;
    %pushi/vec4 1, 0, 8;
    %store/vec4 v00000278d57292c0_0, 0, 8;
    %pushi/vec4 128, 0, 8;
    %store/vec4 v00000278d57290e0_0, 0, 8;
    %pushi/vec4 0, 0, 1;
    %store/vec4 v00000278d57297c0_0, 0, 1;
    %pushi/vec4 0, 0, 1;
    %store/vec4 v00000278d572a940_0, 0, 1;
    %jmp T_5.13;
T_5.5 ;
    %pushi/vec4 72, 0, 7;
    %store/vec4 v00000278d572a800_0, 0, 7;
    %pushi/vec4 0, 0, 1;
    %store/vec4 v00000278d572ada0_0, 0, 1;
    %pushi/vec4 3, 0, 8;
    %store/vec4 v00000278d57292c0_0, 0, 8;
    %pushi/vec4 128, 0, 8;
    %store/vec4 v00000278d57290e0_0, 0, 8;
    %pushi/vec4 1, 0, 1;
    %store/vec4 v00000278d57297c0_0, 0, 1;
    %pushi/vec4 0, 0, 1;
    %store/vec4 v00000278d572a940_0, 0, 1;
    %jmp T_5.13;
T_5.6 ;
    %pushi/vec4 72, 0, 7;
    %store/vec4 v00000278d572a800_0, 0, 7;
    %pushi/vec4 0, 0, 1;
    %store/vec4 v00000278d572ada0_0, 0, 1;
    %pushi/vec4 3, 0, 8;
    %store/vec4 v00000278d57292c0_0, 0, 8;
    %pushi/vec4 0, 0, 8;
    %store/vec4 v00000278d57290e0_0, 0, 8;
    %pushi/vec4 0, 0, 1;
    %store/vec4 v00000278d57297c0_0, 0, 1;
    %pushi/vec4 0, 0, 1;
    %store/vec4 v00000278d572a940_0, 0, 1;
    %jmp T_5.13;
T_5.7 ;
    %pushi/vec4 72, 0, 7;
    %store/vec4 v00000278d572a800_0, 0, 7;
    %pushi/vec4 0, 0, 1;
    %store/vec4 v00000278d572ada0_0, 0, 1;
    %pushi/vec4 2, 0, 8;
    %store/vec4 v00000278d57292c0_0, 0, 8;
    %pushi/vec4 0, 0, 8;
    %store/vec4 v00000278d57290e0_0, 0, 8;
    %pushi/vec4 1, 0, 1;
    %store/vec4 v00000278d57297c0_0, 0, 1;
    %pushi/vec4 0, 0, 1;
    %store/vec4 v00000278d572a940_0, 0, 1;
    %jmp T_5.13;
T_5.8 ;
    %pushi/vec4 72, 0, 7;
    %store/vec4 v00000278d572a800_0, 0, 7;
    %pushi/vec4 0, 0, 1;
    %store/vec4 v00000278d572ada0_0, 0, 1;
    %pushi/vec4 2, 0, 8;
    %store/vec4 v00000278d57292c0_0, 0, 8;
    %pushi/vec4 0, 0, 8;
    %store/vec4 v00000278d57290e0_0, 0, 8;
    %pushi/vec4 0, 0, 1;
    %store/vec4 v00000278d57297c0_0, 0, 1;
    %pushi/vec4 0, 0, 1;
    %store/vec4 v00000278d572a940_0, 0, 1;
    %jmp T_5.13;
T_5.9 ;
    %pushi/vec4 72, 0, 7;
    %store/vec4 v00000278d572a800_0, 0, 7;
    %pushi/vec4 0, 0, 1;
    %store/vec4 v00000278d572ada0_0, 0, 1;
    %pushi/vec4 1, 0, 8;
    %store/vec4 v00000278d57292c0_0, 0, 8;
    %pushi/vec4 0, 0, 8;
    %store/vec4 v00000278d57290e0_0, 0, 8;
    %pushi/vec4 0, 0, 1;
    %store/vec4 v00000278d57297c0_0, 0, 1;
    %pushi/vec4 1, 0, 1;
    %store/vec4 v00000278d572a940_0, 0, 1;
    %jmp T_5.13;
T_5.10 ;
    %pushi/vec4 72, 0, 7;
    %store/vec4 v00000278d572a800_0, 0, 7;
    %pushi/vec4 1, 0, 1;
    %store/vec4 v00000278d572ada0_0, 0, 1;
    %pushi/vec4 1, 0, 8;
    %store/vec4 v00000278d57292c0_0, 0, 8;
    %pushi/vec4 0, 0, 8;
    %store/vec4 v00000278d57290e0_0, 0, 8;
    %pushi/vec4 0, 0, 1;
    %store/vec4 v00000278d57297c0_0, 0, 1;
    %pushi/vec4 0, 0, 1;
    %store/vec4 v00000278d572a940_0, 0, 1;
    %jmp T_5.13;
T_5.11 ;
    %pushi/vec4 72, 0, 7;
    %store/vec4 v00000278d572a800_0, 0, 7;
    %pushi/vec4 0, 0, 1;
    %store/vec4 v00000278d572ada0_0, 0, 1;
    %pushi/vec4 0, 0, 8;
    %store/vec4 v00000278d57292c0_0, 0, 8;
    %pushi/vec4 0, 0, 8;
    %store/vec4 v00000278d57290e0_0, 0, 8;
    %pushi/vec4 0, 0, 1;
    %store/vec4 v00000278d57297c0_0, 0, 1;
    %pushi/vec4 1, 0, 1;
    %store/vec4 v00000278d572a940_0, 0, 1;
    %jmp T_5.13;
T_5.12 ;
    %pushi/vec4 72, 0, 7;
    %store/vec4 v00000278d572a800_0, 0, 7;
    %pushi/vec4 1, 0, 1;
    %store/vec4 v00000278d572ada0_0, 0, 1;
    %pushi/vec4 0, 0, 8;
    %store/vec4 v00000278d57292c0_0, 0, 8;
    %pushi/vec4 0, 0, 8;
    %store/vec4 v00000278d57290e0_0, 0, 8;
    %pushi/vec4 0, 0, 1;
    %store/vec4 v00000278d57297c0_0, 0, 1;
    %pushi/vec4 0, 0, 1;
    %store/vec4 v00000278d572a940_0, 0, 1;
    %jmp T_5.13;
T_5.13 ;
    %pop/vec4 1;
T_5.0 ;
    %jmp T_5;
    .thread T_5;
    .scope S_00000278d56e6ac0;
T_6 ;
    %pushi/vec4 0, 0, 1;
    %store/vec4 v00000278d5729720_0, 0, 1;
T_6.0 ;
    %load/vec4 v00000278d5729720_0;
    %inv;
    %store/vec4 v00000278d572a260_0, 0, 1;
    %pushi/vec4 10000, 0, 64;
    %ix/vec4 4;
    %delayx 4;
    %load/vec4 v00000278d572a260_0;
    %store/vec4 v00000278d5729720_0, 0, 1;
    %jmp T_6.0;
    %end;
    .thread T_6;
    .scope S_00000278d56e6ac0;
T_7 ;
    %vpi_call 2 31 "$dumpfile", "top_ads1115_tb.vcd" {0 0 0};
    %vpi_call 2 32 "$dumpvars", 32'sb11111111111111111111111111111111, S_00000278d56cc5b0 {0 0 0};
    %pushi/vec4 0, 0, 1;
    %store/vec4 v00000278d5729720_0, 0, 1;
    %delay 1410065408, 2;
    %vpi_call 2 37 "$finish" {0 0 0};
    %end;
    .thread T_7;
# The file index is used to find the file name in the following table.
:file_names 6;
    "N/A";
    "<interactive>";
    "src\ads1115\top_ads1115_tb.v";
    "./src/ads1115/top_ads1115.v";
    "./src/ads1115/i2c_ads1115.v";
    "./src/ads1115/ads1115_master.v";
